<?xml version="1.0" encoding="UTF-8"?>
<testng-results skipped="0" failed="1" total="5" passed="4">
  <reporter-output>
    <line>
      <![CDATA[<b>Navigated to the url:</b>&nbsphttp://www.ebay.com/<p>]]>
    </line>
    <line>
      <![CDATA[<p><b>WebDriver Exception throwed:</b>&nbspUnable to locate element: {"method":"class name","selector":"gh-ua"}
Command duration or timeout: 11.05 seconds
For documentation on this error, please visit: http://seleniumhq.org/exceptions/no_such_element.html
Build info: version: '2.39.0', revision: '14fa800511cc5d66d426e08b0b2ab926c7ed7398', time: '2013-12-16 13:18:38'
System info: host: 'WIN-6TNKA2CT5MN', ip: '93.77.153.89', os.name: 'Windows 7', os.arch: 'amd64', os.version: '6.1', java.version: '1.7.0_51'
Session ID: 1eb17bd1-2ed9-4f92-af92-ea2d3455a1c8
Driver info: org.openqa.selenium.firefox.FirefoxDriver
Capabilities [{platform=XP, databaseEnabled=true, cssSelectorsEnabled=true, javascriptEnabled=true, acceptSslCerts=true, handlesAlerts=true, browserName=firefox, webStorageEnabled=true, nativeEvents=false, rotatable=false, locationContextEnabled=true, applicationCacheEnabled=true, takesScreenshot=true, version=31.0}]<p>]]>
    </line>
    <line>
      <![CDATA[<b>Was cliked on webelement with locator:</b>&nbspid("gh-ug")/a[1]; Element html tag: a<p>Sign in<p>]]>
    </line>
    <line>
      <![CDATA[<b>After clickON</b><p>]]>
    </line>
    <line>
      <![CDATA[<b>Change was performed on element with locator:</b>&nbspid("userid"); Element html tag: input<p><p>]]>
    </line>
    <line>
      <![CDATA[<b>Change was performed on element with locator:</b>&nbspid("userid"); Element html tag: input<p><p>]]>
    </line>
    <line>
      <![CDATA[<b>Change was performed on element with locator:</b>&nbspid("pass"); Element html tag: input<p><p>]]>
    </line>
    <line>
      <![CDATA[<b>Change was performed on element with locator:</b>&nbspid("pass"); Element html tag: input<p><p>]]>
    </line>
    <line>
      <![CDATA[<b>Was cliked on webelement with locator:</b>&nbspid("sgnbt"); Element html tag: input<p><p>]]>
    </line>
    <line>
      <![CDATA[<b>After clickON</b><p>]]>
    </line>
    <line>
      <![CDATA[<b>Was cliked on webelement with locator:</b>&nbspid("gh-p-1")/a[1]; Element html tag: a<p>Daily Deals<p>]]>
    </line>
    <line>
      <![CDATA[<b>After clickON</b><p>]]>
    </line>
    <line>
      <![CDATA[<b>Was cliked on webelement with locator:</b>&nbspid("subs-close"); Element html tag: a<p>X<p>]]>
    </line>
    <line>
      <![CDATA[<b>After clickON</b><p>]]>
    </line>
    <line>
      <![CDATA[<b>Navigated to the url:</b>&nbsphttp://www.ebay.com/<p>]]>
    </line>
    <line>
      <![CDATA[<p><b>WebDriver Exception throwed:</b>&nbspUnable to locate element: {"method":"xpath","selector":".//*[contains(@class,'gh-ug-guest')]/a"}
Command duration or timeout: 11.20 seconds
For documentation on this error, please visit: http://seleniumhq.org/exceptions/no_such_element.html
Build info: version: '2.39.0', revision: '14fa800511cc5d66d426e08b0b2ab926c7ed7398', time: '2013-12-16 13:18:38'
System info: host: 'WIN-6TNKA2CT5MN', ip: '93.77.153.89', os.name: 'Windows 7', os.arch: 'amd64', os.version: '6.1', java.version: '1.7.0_51'
Session ID: 1eb17bd1-2ed9-4f92-af92-ea2d3455a1c8
Driver info: org.openqa.selenium.firefox.FirefoxDriver
Capabilities [{platform=XP, databaseEnabled=true, cssSelectorsEnabled=true, javascriptEnabled=true, acceptSslCerts=true, handlesAlerts=true, browserName=firefox, webStorageEnabled=true, nativeEvents=false, rotatable=false, locationContextEnabled=true, applicationCacheEnabled=true, takesScreenshot=true, version=31.0}]<p>]]>
    </line>
    <line>
      <![CDATA[<b>Was cliked on webelement with locator:</b>&nbspid("gh-ug"); Element html tag: a<p>Hi, Max!<p>]]>
    </line>
    <line>
      <![CDATA[<b>After clickON</b><p>]]>
    </line>
    <line>
      <![CDATA[<b>Was cliked on webelement with locator:</b>&nbspid("gh-uo")/a[1]; Element html tag: a<p>Sign out<p>]]>
    </line>
    <line>
      <![CDATA[<b>After clickON</b><p>]]>
    </line>
    <line>
      <![CDATA[<b>Navigated to the url:</b>&nbsphttp://www.ebay.com/<p>]]>
    </line>
    <line>
      <![CDATA[<p><b>WebDriver Exception throwed:</b>&nbspUnable to locate element: {"method":"class name","selector":"gh-ua"}
Command duration or timeout: 10.02 seconds
For documentation on this error, please visit: http://seleniumhq.org/exceptions/no_such_element.html
Build info: version: '2.39.0', revision: '14fa800511cc5d66d426e08b0b2ab926c7ed7398', time: '2013-12-16 13:18:38'
System info: host: 'WIN-6TNKA2CT5MN', ip: '93.77.153.89', os.name: 'Windows 7', os.arch: 'amd64', os.version: '6.1', java.version: '1.7.0_51'
Session ID: 1eb17bd1-2ed9-4f92-af92-ea2d3455a1c8
Driver info: org.openqa.selenium.firefox.FirefoxDriver
Capabilities [{platform=XP, databaseEnabled=true, cssSelectorsEnabled=true, javascriptEnabled=true, acceptSslCerts=true, handlesAlerts=true, browserName=firefox, webStorageEnabled=true, nativeEvents=false, rotatable=false, locationContextEnabled=true, applicationCacheEnabled=true, takesScreenshot=true, version=31.0}]<p>]]>
    </line>
    <line>
      <![CDATA[<b>Was cliked on webelement with locator:</b>&nbspid("gh-ug")/a[1]; Element html tag: a<p>Sign in<p>]]>
    </line>
    <line>
      <![CDATA[<b>After clickON</b><p>]]>
    </line>
    <line>
      <![CDATA[<b>Change was performed on element with locator:</b>&nbspid("userid"); Element html tag: input<p><p>]]>
    </line>
    <line>
      <![CDATA[<b>Change was performed on element with locator:</b>&nbspid("userid"); Element html tag: input<p><p>]]>
    </line>
    <line>
      <![CDATA[<b>Change was performed on element with locator:</b>&nbspid("pass"); Element html tag: input<p><p>]]>
    </line>
    <line>
      <![CDATA[<b>Change was performed on element with locator:</b>&nbspid("pass"); Element html tag: input<p><p>]]>
    </line>
    <line>
      <![CDATA[<b>Was cliked on webelement with locator:</b>&nbspid("sgnbt"); Element html tag: input<p><p>]]>
    </line>
    <line>
      <![CDATA[<b>After clickON</b><p>]]>
    </line>
    <line>
      <![CDATA[<b>Change was performed on element with locator:</b>&nbspid("gh-ac"); Element html tag: input<p><p>]]>
    </line>
    <line>
      <![CDATA[<b>Was cliked on webelement with locator:</b>&nbspid("gh-btn"); Element html tag: input<p><p>]]>
    </line>
    <line>
      <![CDATA[<b>After clickON</b><p>]]>
    </line>
    <line>
      <![CDATA[<p><b>WebDriver Exception throwed:</b>&nbspUnable to locate element: {"method":"id","selector":"inlinefeedbackinitquestion"}
Command duration or timeout: 13.28 seconds
For documentation on this error, please visit: http://seleniumhq.org/exceptions/no_such_element.html
Build info: version: '2.39.0', revision: '14fa800511cc5d66d426e08b0b2ab926c7ed7398', time: '2013-12-16 13:18:38'
System info: host: 'WIN-6TNKA2CT5MN', ip: '93.77.153.89', os.name: 'Windows 7', os.arch: 'amd64', os.version: '6.1', java.version: '1.7.0_51'
Session ID: 1eb17bd1-2ed9-4f92-af92-ea2d3455a1c8
Driver info: org.openqa.selenium.firefox.FirefoxDriver
Capabilities [{platform=XP, databaseEnabled=true, cssSelectorsEnabled=true, javascriptEnabled=true, acceptSslCerts=true, handlesAlerts=true, browserName=firefox, webStorageEnabled=true, nativeEvents=false, rotatable=false, locationContextEnabled=true, applicationCacheEnabled=true, takesScreenshot=true, version=31.0}]<p>]]>
    </line>
  </reporter-output>
  <suite name="Testing on Mozilla Firefox" duration-ms="96187" started-at="2014-07-07T15:09:05Z" finished-at="2014-07-07T15:10:41Z">
    <groups>
      <group name="home">
        <method signature="HomePageTest.testDeals()[pri:0, instance:com.home.test.pages.HomePageTest@4358be90]" name="testDeals" class="com.home.test.pages.HomePageTest"/>
        <method signature="HomePageTest.testNotifications()[pri:0, instance:com.home.test.pages.HomePageTest@4358be90]" name="testNotifications" class="com.home.test.pages.HomePageTest"/>
      </group> <!-- home -->
      <group name="ebayAll">
        <method signature="HomePageTest.testDeals()[pri:0, instance:com.home.test.pages.HomePageTest@4358be90]" name="testDeals" class="com.home.test.pages.HomePageTest"/>
        <method signature="HomePageTest.testNotifications()[pri:0, instance:com.home.test.pages.HomePageTest@4358be90]" name="testNotifications" class="com.home.test.pages.HomePageTest"/>
        <method signature="LoginPageTest.LogOut()[pri:0, instance:com.home.test.pages.LoginPageTest@403d0d64]" name="LogOut" class="com.home.test.pages.LoginPageTest"/>
        <method signature="LoginPageTest.testLogin()[pri:0, instance:com.home.test.pages.LoginPageTest@403d0d64]" name="testLogin" class="com.home.test.pages.LoginPageTest"/>
        <method signature="SearchPageTest.testSearch()[pri:0, instance:com.home.test.pages.SearchPageTest@bb02e3]" name="testSearch" class="com.home.test.pages.SearchPageTest"/>
      </group> <!-- ebayAll -->
      <group name="search">
        <method signature="SearchPageTest.testSearch()[pri:0, instance:com.home.test.pages.SearchPageTest@bb02e3]" name="testSearch" class="com.home.test.pages.SearchPageTest"/>
      </group> <!-- search -->
      <group name="login">
        <method signature="LoginPageTest.LogOut()[pri:0, instance:com.home.test.pages.LoginPageTest@403d0d64]" name="LogOut" class="com.home.test.pages.LoginPageTest"/>
        <method signature="LoginPageTest.testLogin()[pri:0, instance:com.home.test.pages.LoginPageTest@403d0d64]" name="testLogin" class="com.home.test.pages.LoginPageTest"/>
      </group> <!-- login -->
    </groups>
    <test name="tests on Mozilla Firefox" duration-ms="96187" started-at="2014-07-07T15:09:05Z" finished-at="2014-07-07T15:10:41Z">
      <class name="com.home.test.pages.HomePageTest">
        <test-method status="PASS" signature="OpenPage()[pri:0, instance:com.home.test.pages.HomePageTest@4358be90]" name="OpenPage" is-config="true" duration-ms="5865" started-at="2014-07-07T18:09:05Z" finished-at="2014-07-07T18:09:11Z">
          <reporter-output>
            <line>
              <![CDATA[<b>Navigated to the url:</b>&nbsphttp://www.ebay.com/<p>]]>
            </line>
          </reporter-output>
        </test-method> <!-- OpenPage -->
        <test-method status="PASS" signature="testDeals()[pri:0, instance:com.home.test.pages.HomePageTest@4358be90]" name="testDeals" duration-ms="29085" started-at="2014-07-07T18:09:11Z" finished-at="2014-07-07T18:09:40Z">
          <reporter-output>
            <line>
              <![CDATA[<p><b>WebDriver Exception throwed:</b>&nbspUnable to locate element: {"method":"class name","selector":"gh-ua"}
Command duration or timeout: 11.05 seconds
For documentation on this error, please visit: http://seleniumhq.org/exceptions/no_such_element.html
Build info: version: '2.39.0', revision: '14fa800511cc5d66d426e08b0b2ab926c7ed7398', time: '2013-12-16 13:18:38'
System info: host: 'WIN-6TNKA2CT5MN', ip: '93.77.153.89', os.name: 'Windows 7', os.arch: 'amd64', os.version: '6.1', java.version: '1.7.0_51'
Session ID: 1eb17bd1-2ed9-4f92-af92-ea2d3455a1c8
Driver info: org.openqa.selenium.firefox.FirefoxDriver
Capabilities [{platform=XP, databaseEnabled=true, cssSelectorsEnabled=true, javascriptEnabled=true, acceptSslCerts=true, handlesAlerts=true, browserName=firefox, webStorageEnabled=true, nativeEvents=false, rotatable=false, locationContextEnabled=true, applicationCacheEnabled=true, takesScreenshot=true, version=31.0}]<p>]]>
            </line>
            <line>
              <![CDATA[<b>Was cliked on webelement with locator:</b>&nbspid("gh-ug")/a[1]; Element html tag: a<p>Sign in<p>]]>
            </line>
            <line>
              <![CDATA[<b>After clickON</b><p>]]>
            </line>
            <line>
              <![CDATA[<b>Change was performed on element with locator:</b>&nbspid("userid"); Element html tag: input<p><p>]]>
            </line>
            <line>
              <![CDATA[<b>Change was performed on element with locator:</b>&nbspid("userid"); Element html tag: input<p><p>]]>
            </line>
            <line>
              <![CDATA[<b>Change was performed on element with locator:</b>&nbspid("pass"); Element html tag: input<p><p>]]>
            </line>
            <line>
              <![CDATA[<b>Change was performed on element with locator:</b>&nbspid("pass"); Element html tag: input<p><p>]]>
            </line>
            <line>
              <![CDATA[<b>Was cliked on webelement with locator:</b>&nbspid("sgnbt"); Element html tag: input<p><p>]]>
            </line>
            <line>
              <![CDATA[<b>After clickON</b><p>]]>
            </line>
            <line>
              <![CDATA[<b>Was cliked on webelement with locator:</b>&nbspid("gh-p-1")/a[1]; Element html tag: a<p>Daily Deals<p>]]>
            </line>
            <line>
              <![CDATA[<b>After clickON</b><p>]]>
            </line>
          </reporter-output>
        </test-method> <!-- testDeals -->
        <test-method status="PASS" signature="testNotifications()[pri:0, instance:com.home.test.pages.HomePageTest@4358be90]" name="testNotifications" duration-ms="4122" started-at="2014-07-07T18:09:40Z" finished-at="2014-07-07T18:09:44Z">
          <reporter-output>
            <line>
              <![CDATA[<b>Was cliked on webelement with locator:</b>&nbspid("subs-close"); Element html tag: a<p>X<p>]]>
            </line>
            <line>
              <![CDATA[<b>After clickON</b><p>]]>
            </line>
          </reporter-output>
        </test-method> <!-- testNotifications -->
        <test-method status="PASS" signature="OpenPage()[pri:0, instance:com.home.test.pages.HomePageTest@4358be90]" name="OpenPage" is-config="true" duration-ms="0" started-at="2014-07-07T18:09:40Z" finished-at="2014-07-07T18:09:40Z">
          <reporter-output>
          </reporter-output>
        </test-method> <!-- OpenPage -->
      </class> <!-- com.home.test.pages.HomePageTest -->
      <class name="com.home.test.pages.SearchPageTest">
        <test-method status="PASS" signature="OpenPage()[pri:0, instance:com.home.test.pages.SearchPageTest@bb02e3]" name="OpenPage" is-config="true" duration-ms="1895" started-at="2014-07-07T18:10:04Z" finished-at="2014-07-07T18:10:06Z">
          <reporter-output>
            <line>
              <![CDATA[<b>Navigated to the url:</b>&nbsphttp://www.ebay.com/<p>]]>
            </line>
          </reporter-output>
        </test-method> <!-- OpenPage -->
        <test-method status="FAIL" signature="testSearch()[pri:0, instance:com.home.test.pages.SearchPageTest@bb02e3]" name="testSearch" duration-ms="34604" started-at="2014-07-07T18:10:06Z" finished-at="2014-07-07T18:10:41Z">
          <exception class="java.lang.AssertionError">
            <message>
              <![CDATA[expected [true] but found [false]]]>
            </message>
            <full-stacktrace>
              <![CDATA[java.lang.AssertionError: expected [true] but found [false]
	at org.testng.Assert.fail(Assert.java:94)
	at org.testng.Assert.failNotEquals(Assert.java:494)
	at org.testng.Assert.assertTrue(Assert.java:42)
	at org.testng.Assert.assertTrue(Assert.java:52)
	at com.home.test.pages.SearchPageTest.testSearch(SearchPageTest.java:30)
	at sun.reflect.NativeMethodAccessorImpl.invoke0(Native Method)
	at sun.reflect.NativeMethodAccessorImpl.invoke(NativeMethodAccessorImpl.java:57)
	at sun.reflect.DelegatingMethodAccessorImpl.invoke(DelegatingMethodAccessorImpl.java:43)
	at java.lang.reflect.Method.invoke(Method.java:606)
	at org.testng.internal.MethodInvocationHelper.invokeMethod(MethodInvocationHelper.java:80)
	at org.testng.internal.Invoker.invokeMethod(Invoker.java:714)
	at org.testng.internal.Invoker.invokeTestMethod(Invoker.java:901)
	at org.testng.internal.Invoker.invokeTestMethods(Invoker.java:1231)
	at org.testng.internal.TestMethodWorker.invokeTestMethods(TestMethodWorker.java:127)
	at org.testng.internal.TestMethodWorker.run(TestMethodWorker.java:111)
	at org.testng.TestRunner.privateRun(TestRunner.java:767)
	at org.testng.TestRunner.run(TestRunner.java:617)
	at org.testng.SuiteRunner.runTest(SuiteRunner.java:334)
	at org.testng.SuiteRunner.runSequentially(SuiteRunner.java:329)
	at org.testng.SuiteRunner.privateRun(SuiteRunner.java:291)
	at org.testng.SuiteRunner.run(SuiteRunner.java:240)
	at org.testng.SuiteRunnerWorker.runSuite(SuiteRunnerWorker.java:52)
	at org.testng.SuiteRunnerWorker.run(SuiteRunnerWorker.java:86)
	at org.testng.TestNG.runSuitesSequentially(TestNG.java:1198)
	at org.testng.TestNG.runSuitesSequentially(TestNG.java:1194)
	at org.testng.TestNG.runSuitesLocally(TestNG.java:1123)
	at org.testng.TestNG.run(TestNG.java:1031)
	at org.apache.maven.surefire.testng.TestNGExecutor.run(TestNGExecutor.java:122)
	at org.apache.maven.surefire.testng.TestNGXmlTestSuite.execute(TestNGXmlTestSuite.java:88)
	at org.apache.maven.surefire.testng.TestNGProvider.invoke(TestNGProvider.java:104)
	at sun.reflect.NativeMethodAccessorImpl.invoke0(Native Method)
	at sun.reflect.NativeMethodAccessorImpl.invoke(NativeMethodAccessorImpl.java:57)
	at sun.reflect.DelegatingMethodAccessorImpl.invoke(DelegatingMethodAccessorImpl.java:43)
	at java.lang.reflect.Method.invoke(Method.java:606)
	at org.apache.maven.surefire.booter.ProviderFactory$ClassLoaderProxy.invoke(ProviderFactory.java:103)
	at com.sun.proxy.$Proxy0.invoke(Unknown Source)
	at org.apache.maven.surefire.booter.SurefireStarter.invokeProvider(SurefireStarter.java:150)
	at org.apache.maven.surefire.booter.SurefireStarter.runSuitesInProcess(SurefireStarter.java:91)
	at org.apache.maven.surefire.booter.ForkedBooter.main(ForkedBooter.java:69)
]]>
            </full-stacktrace>
          </exception> <!-- java.lang.AssertionError -->
          <reporter-output>
            <line>
              <![CDATA[<p><b>WebDriver Exception throwed:</b>&nbspUnable to locate element: {"method":"class name","selector":"gh-ua"}
Command duration or timeout: 10.02 seconds
For documentation on this error, please visit: http://seleniumhq.org/exceptions/no_such_element.html
Build info: version: '2.39.0', revision: '14fa800511cc5d66d426e08b0b2ab926c7ed7398', time: '2013-12-16 13:18:38'
System info: host: 'WIN-6TNKA2CT5MN', ip: '93.77.153.89', os.name: 'Windows 7', os.arch: 'amd64', os.version: '6.1', java.version: '1.7.0_51'
Session ID: 1eb17bd1-2ed9-4f92-af92-ea2d3455a1c8
Driver info: org.openqa.selenium.firefox.FirefoxDriver
Capabilities [{platform=XP, databaseEnabled=true, cssSelectorsEnabled=true, javascriptEnabled=true, acceptSslCerts=true, handlesAlerts=true, browserName=firefox, webStorageEnabled=true, nativeEvents=false, rotatable=false, locationContextEnabled=true, applicationCacheEnabled=true, takesScreenshot=true, version=31.0}]<p>]]>
            </line>
            <line>
              <![CDATA[<b>Was cliked on webelement with locator:</b>&nbspid("gh-ug")/a[1]; Element html tag: a<p>Sign in<p>]]>
            </line>
            <line>
              <![CDATA[<b>After clickON</b><p>]]>
            </line>
            <line>
              <![CDATA[<b>Change was performed on element with locator:</b>&nbspid("userid"); Element html tag: input<p><p>]]>
            </line>
            <line>
              <![CDATA[<b>Change was performed on element with locator:</b>&nbspid("userid"); Element html tag: input<p><p>]]>
            </line>
            <line>
              <![CDATA[<b>Change was performed on element with locator:</b>&nbspid("pass"); Element html tag: input<p><p>]]>
            </line>
            <line>
              <![CDATA[<b>Change was performed on element with locator:</b>&nbspid("pass"); Element html tag: input<p><p>]]>
            </line>
            <line>
              <![CDATA[<b>Was cliked on webelement with locator:</b>&nbspid("sgnbt"); Element html tag: input<p><p>]]>
            </line>
            <line>
              <![CDATA[<b>After clickON</b><p>]]>
            </line>
            <line>
              <![CDATA[<b>Change was performed on element with locator:</b>&nbspid("gh-ac"); Element html tag: input<p><p>]]>
            </line>
            <line>
              <![CDATA[<b>Was cliked on webelement with locator:</b>&nbspid("gh-btn"); Element html tag: input<p><p>]]>
            </line>
            <line>
              <![CDATA[<b>After clickON</b><p>]]>
            </line>
            <line>
              <![CDATA[<p><b>WebDriver Exception throwed:</b>&nbspUnable to locate element: {"method":"id","selector":"inlinefeedbackinitquestion"}
Command duration or timeout: 13.28 seconds
For documentation on this error, please visit: http://seleniumhq.org/exceptions/no_such_element.html
Build info: version: '2.39.0', revision: '14fa800511cc5d66d426e08b0b2ab926c7ed7398', time: '2013-12-16 13:18:38'
System info: host: 'WIN-6TNKA2CT5MN', ip: '93.77.153.89', os.name: 'Windows 7', os.arch: 'amd64', os.version: '6.1', java.version: '1.7.0_51'
Session ID: 1eb17bd1-2ed9-4f92-af92-ea2d3455a1c8
Driver info: org.openqa.selenium.firefox.FirefoxDriver
Capabilities [{platform=XP, databaseEnabled=true, cssSelectorsEnabled=true, javascriptEnabled=true, acceptSslCerts=true, handlesAlerts=true, browserName=firefox, webStorageEnabled=true, nativeEvents=false, rotatable=false, locationContextEnabled=true, applicationCacheEnabled=true, takesScreenshot=true, version=31.0}]<p>]]>
            </line>
          </reporter-output>
        </test-method> <!-- testSearch -->
      </class> <!-- com.home.test.pages.SearchPageTest -->
      <class name="com.home.test.pages.LoginPageTest">
        <test-method status="PASS" signature="getWebDriver(java.lang.String)[pri:0, instance:com.home.test.pages.LoginPageTest@403d0d64]" name="getWebDriver" is-config="true" duration-ms="8514" started-at="2014-07-07T18:08:56Z" finished-at="2014-07-07T18:09:05Z">
          <params>
            <param index="0">
              <value>
                <![CDATA[firefox]]>
              </value>
            </param>
          </params>
          <reporter-output>
          </reporter-output>
        </test-method> <!-- getWebDriver -->
        <test-method status="PASS" signature="OpenPage()[pri:0, instance:com.home.test.pages.LoginPageTest@403d0d64]" name="OpenPage" is-config="true" duration-ms="1996" started-at="2014-07-07T18:09:44Z" finished-at="2014-07-07T18:09:46Z">
          <reporter-output>
            <line>
              <![CDATA[<b>Navigated to the url:</b>&nbsphttp://www.ebay.com/<p>]]>
            </line>
          </reporter-output>
        </test-method> <!-- OpenPage -->
        <test-method status="PASS" signature="testLogin()[pri:0, instance:com.home.test.pages.LoginPageTest@403d0d64]" name="testLogin" duration-ms="11206" started-at="2014-07-07T18:09:46Z" finished-at="2014-07-07T18:09:57Z">
          <reporter-output>
            <line>
              <![CDATA[<p><b>WebDriver Exception throwed:</b>&nbspUnable to locate element: {"method":"xpath","selector":".//*[contains(@class,'gh-ug-guest')]/a"}
Command duration or timeout: 11.20 seconds
For documentation on this error, please visit: http://seleniumhq.org/exceptions/no_such_element.html
Build info: version: '2.39.0', revision: '14fa800511cc5d66d426e08b0b2ab926c7ed7398', time: '2013-12-16 13:18:38'
System info: host: 'WIN-6TNKA2CT5MN', ip: '93.77.153.89', os.name: 'Windows 7', os.arch: 'amd64', os.version: '6.1', java.version: '1.7.0_51'
Session ID: 1eb17bd1-2ed9-4f92-af92-ea2d3455a1c8
Driver info: org.openqa.selenium.firefox.FirefoxDriver
Capabilities [{platform=XP, databaseEnabled=true, cssSelectorsEnabled=true, javascriptEnabled=true, acceptSslCerts=true, handlesAlerts=true, browserName=firefox, webStorageEnabled=true, nativeEvents=false, rotatable=false, locationContextEnabled=true, applicationCacheEnabled=true, takesScreenshot=true, version=31.0}]<p>]]>
            </line>
          </reporter-output>
        </test-method> <!-- testLogin -->
        <test-method status="PASS" signature="OpenPage()[pri:0, instance:com.home.test.pages.LoginPageTest@403d0d64]" name="OpenPage" is-config="true" duration-ms="0" started-at="2014-07-07T18:09:57Z" finished-at="2014-07-07T18:09:57Z">
          <reporter-output>
          </reporter-output>
        </test-method> <!-- OpenPage -->
        <test-method status="PASS" signature="LogOut()[pri:0, instance:com.home.test.pages.LoginPageTest@403d0d64]" name="LogOut" duration-ms="7393" started-at="2014-07-07T18:09:57Z" finished-at="2014-07-07T18:10:04Z">
          <reporter-output>
            <line>
              <![CDATA[<b>Was cliked on webelement with locator:</b>&nbspid("gh-ug"); Element html tag: a<p>Hi, Max!<p>]]>
            </line>
            <line>
              <![CDATA[<b>After clickON</b><p>]]>
            </line>
            <line>
              <![CDATA[<b>Was cliked on webelement with locator:</b>&nbspid("gh-uo")/a[1]; Element html tag: a<p>Sign out<p>]]>
            </line>
            <line>
              <![CDATA[<b>After clickON</b><p>]]>
            </line>
          </reporter-output>
        </test-method> <!-- LogOut -->
        <test-method status="PASS" signature="ShutDown()[pri:0, instance:com.home.test.pages.LoginPageTest@403d0d64]" name="ShutDown" is-config="true" duration-ms="3280" started-at="2014-07-07T18:10:41Z" finished-at="2014-07-07T18:10:44Z">
          <reporter-output>
          </reporter-output>
        </test-method> <!-- ShutDown -->
      </class> <!-- com.home.test.pages.LoginPageTest -->
    </test> <!-- tests on Mozilla Firefox -->
  </suite> <!-- Testing on Mozilla Firefox -->
  <suite name="Web Browsers" duration-ms="0" started-at="2014-07-07T15:10:45Z" finished-at="2014-07-07T15:10:45Z">
    <groups>
    </groups>
  </suite> <!-- Web Browsers -->
</testng-results>
