<!DOCTYPE html PUBLIC "-//W3C//DTD XHTML 1.1//EN" "http://www.w3.org/TR/xhtml11/DTD/xhtml11.dtd">
<html xmlns="http://www.w3.org/1999/xhtml"><head><title>TestNG Report</title><style type="text/css">table {margin-bottom:10px;border-collapse:collapse;empty-cells:show}th,td {border:1px solid #009;padding:.25em .5em}th {vertical-align:bottom}td {vertical-align:top}table a {font-weight:bold}.stripe td {background-color: #E6EBF9}.num {text-align:right}.passedodd td {background-color: #3F3}.passedeven td {background-color: #0A0}.skippedodd td {background-color: #DDD}.skippedeven td {background-color: #CCC}.failedodd td,.attn {background-color: #F33}.failedeven td,.stripe .attn {background-color: #D00}.stacktrace {white-space:pre;font-family:monospace}.totop {font-size:85%;text-align:center;border-bottom:2px solid #000}</style></head><body><table><tr><th>Test</th><th># Passed</th><th># Skipped</th><th># Failed</th><th>Time (ms)</th><th>Included Groups</th><th>Excluded Groups</th></tr><tr><th colspan="7">Testing on Mozilla Firefox</th></tr><tr><td><a href="#t0">tests on Mozilla Firefox</a></td><td class="num">0</td><td class="num attn">5</td><td class="num">0</td><td class="num">41</td><td>ebayAll</td><td></td></tr><tr><th colspan="7">Testing on Internet Explorer</th></tr><tr class="stripe"><td><a href="#t1">tests on Internet Explorer</a></td><td class="num">5</td><td class="num">0</td><td class="num">0</td><td class="num">89 841</td><td>ebayAll</td><td></td></tr><tr><th colspan="7">Testing on Chrome</th></tr><tr><td><a href="#t2">tests on Google Chrome</a></td><td class="num">0</td><td class="num attn">5</td><td class="num">0</td><td class="num">84</td><td>ebayAll</td><td></td></tr><tr><th colspan="7">Web Browsers</th></tr><tr><th>Total</th><th class="num">5</th><th class="num attn">10</th><th class="num">0</th><th class="num">89 966</th><th colspan="2"></th></tr></table><table><thead><tr><th>Class</th><th>Method</th><th>Start</th><th>Time (ms)</th></tr></thead><tbody><tr><th colspan="4">Testing on Mozilla Firefox</th></tr></tbody><tbody id="t0"><tr><th colspan="4">tests on Mozilla Firefox &#8212; failed (configuration methods)</th></tr><tr class="failedeven"><td rowspan="1">com.home.test.pages.HomePageTest</td><td><a href="#m0">OpenPage</a></td><td rowspan="1">1404554277081</td><td rowspan="1">0</td></tr><tr><th colspan="4">tests on Mozilla Firefox &#8212; skipped (configuration methods)</th></tr><tr class="skippedeven"><td rowspan="1">com.home.test.pages.HomePageTest</td><td><a href="#m1">OpenPage</a></td><td rowspan="1">1404554277113</td><td rowspan="1">0</td></tr><tr class="skippedodd"><td rowspan="2">com.home.test.pages.LoginPageTest</td><td><a href="#m2">OpenPage</a></td><td rowspan="2">1404554277115</td><td rowspan="2">0</td></tr><tr class="skippedodd"><td><a href="#m3">OpenPage</a></td></tr><tr class="skippedeven"><td rowspan="1">com.home.test.pages.SearchPageTest</td><td><a href="#m4">OpenPage</a></td><td rowspan="1">1404554277119</td><td rowspan="1">0</td></tr><tr><th colspan="4">tests on Mozilla Firefox &#8212; skipped</th></tr><tr class="skippedeven"><td rowspan="2">com.home.test.pages.HomePageTest</td><td><a href="#m5">testDeals</a></td><td rowspan="1">1404554277112</td><td rowspan="1">1</td></tr><tr class="skippedeven"><td><a href="#m6">testNotifications</a></td><td rowspan="1">1404554277114</td><td rowspan="1">0</td></tr><tr class="skippedodd"><td rowspan="2">com.home.test.pages.LoginPageTest</td><td><a href="#m7">LogOut</a></td><td rowspan="1">1404554277117</td><td rowspan="1">1</td></tr><tr class="skippedodd"><td><a href="#m8">testLogin</a></td><td rowspan="1">1404554277116</td><td rowspan="1">0</td></tr><tr class="skippedeven"><td rowspan="1">com.home.test.pages.SearchPageTest</td><td><a href="#m9">testSearch</a></td><td rowspan="1">1404554277120</td><td rowspan="1">1</td></tr></tbody><tbody><tr><th colspan="4">Testing on Internet Explorer</th></tr></tbody><tbody id="t1"><tr><th colspan="4">tests on Internet Explorer &#8212; passed</th></tr><tr class="passedeven"><td rowspan="2">com.home.test.pages.HomePageTest</td><td><a href="#m10">testDeals</a></td><td rowspan="1">1404554192643</td><td rowspan="1">24305</td></tr><tr class="passedeven"><td><a href="#m11">testNotifications</a></td><td rowspan="1">1404554216949</td><td rowspan="1">14372</td></tr><tr class="passedodd"><td rowspan="2">com.home.test.pages.LoginPageTest</td><td><a href="#m12">LogOut</a></td><td rowspan="1">1404554245118</td><td rowspan="1">6145</td></tr><tr class="passedodd"><td><a href="#m13">testLogin</a></td><td rowspan="1">1404554235061</td><td rowspan="1">10055</td></tr><tr class="passedeven"><td rowspan="1">com.home.test.pages.SearchPageTest</td><td><a href="#m14">testSearch</a></td><td rowspan="1">1404554253958</td><td rowspan="1">20671</td></tr></tbody><tbody><tr><th colspan="4">Testing on Chrome</th></tr></tbody><tbody id="t2"><tr><th colspan="4">tests on Google Chrome &#8212; failed (configuration methods)</th></tr><tr class="failedeven"><td rowspan="1">com.home.test.pages.HomePageTest</td><td><a href="#m15">OpenPage</a></td><td rowspan="1">1404554277190</td><td rowspan="1">0</td></tr><tr><th colspan="4">tests on Google Chrome &#8212; skipped (configuration methods)</th></tr><tr class="skippedeven"><td rowspan="1">com.home.test.pages.HomePageTest</td><td><a href="#m16">OpenPage</a></td><td rowspan="1">1404554277205</td><td rowspan="1">0</td></tr><tr class="skippedodd"><td rowspan="2">com.home.test.pages.LoginPageTest</td><td><a href="#m17">OpenPage</a></td><td rowspan="2">1404554277250</td><td rowspan="2">0</td></tr><tr class="skippedodd"><td><a href="#m18">OpenPage</a></td></tr><tr class="skippedeven"><td rowspan="1">com.home.test.pages.SearchPageTest</td><td><a href="#m19">OpenPage</a></td><td rowspan="1">1404554277253</td><td rowspan="1">0</td></tr><tr><th colspan="4">tests on Google Chrome &#8212; skipped</th></tr><tr class="skippedeven"><td rowspan="2">com.home.test.pages.HomePageTest</td><td><a href="#m20">testDeals</a></td><td rowspan="1">1404554277204</td><td rowspan="1">0</td></tr><tr class="skippedeven"><td><a href="#m21">testNotifications</a></td><td rowspan="1">1404554277205</td><td rowspan="1">1</td></tr><tr class="skippedodd"><td rowspan="2">com.home.test.pages.LoginPageTest</td><td><a href="#m22">LogOut</a></td><td rowspan="1">1404554277252</td><td rowspan="1">1</td></tr><tr class="skippedodd"><td><a href="#m23">testLogin</a></td><td rowspan="1">1404554277251</td><td rowspan="1">0</td></tr><tr class="skippedeven"><td rowspan="1">com.home.test.pages.SearchPageTest</td><td><a href="#m24">testSearch</a></td><td rowspan="1">1404554277254</td><td rowspan="1">0</td></tr></tbody><tbody><tr><th colspan="4">Web Browsers</th></tr></tbody></table><h2>tests on Mozilla Firefox</h2><h3 id="m0">com.home.test.pages.HomePageTest#OpenPage</h3><table class="result"><tr><th>Messages</th></tr><tr><td><div class="messages">&lt;p&gt;&lt;b&gt;WebDriver Exception throwed:&lt;/b&gt;&amp;nbspSession ID is null. Using WebDriver after calling quit()?
Build info: version: &apos;2.42.2&apos;, revision: &apos;6a6995d&apos;, time: &apos;2014-06-03 17:42:03&apos;
System info: host: &apos;WIN-6TNKA2CT5MN&apos;, ip: &apos;93.77.153.89&apos;, os.name: &apos;Windows 7&apos;, os.arch: &apos;amd64&apos;, os.version: &apos;6.1&apos;, java.version: &apos;1.7.0_51&apos;
Driver info: driver.version: EventFiringWebDriver&lt;p&gt;</div></td></tr><tr><th>Exception</th></tr><tr><td><div class="stacktrace">org.openqa.selenium.remote.SessionNotFoundException: Session ID is null. Using WebDriver after calling quit()?
Build info: version: &apos;2.42.2&apos;, revision: &apos;6a6995d&apos;, time: &apos;2014-06-03 17:42:03&apos;
System info: host: &apos;WIN-6TNKA2CT5MN&apos;, ip: &apos;93.77.153.89&apos;, os.name: &apos;Windows 7&apos;, os.arch: &apos;amd64&apos;, os.version: &apos;6.1&apos;, java.version: &apos;1.7.0_51&apos;
Driver info: driver.version: EventFiringWebDriver
	at org.openqa.selenium.remote.HttpCommandExecutor.execute(HttpCommandExecutor.java:147)
	at org.openqa.selenium.remote.service.DriverCommandExecutor.execute(DriverCommandExecutor.java:66)
	at org.openqa.selenium.remote.RemoteWebDriver.execute(RemoteWebDriver.java:572)
	at org.openqa.selenium.remote.RemoteWebDriver.get(RemoteWebDriver.java:304)
	at sun.reflect.NativeMethodAccessorImpl.invoke0(Native Method)
	at sun.reflect.NativeMethodAccessorImpl.invoke(NativeMethodAccessorImpl.java:57)
	at sun.reflect.DelegatingMethodAccessorImpl.invoke(DelegatingMethodAccessorImpl.java:43)
	at java.lang.reflect.Method.invoke(Method.java:606)
	at org.openqa.selenium.support.events.EventFiringWebDriver$2.invoke(EventFiringWebDriver.java:101)
	at com.sun.proxy.$Proxy12.get(Unknown Source)
	at org.openqa.selenium.support.events.EventFiringWebDriver.get(EventFiringWebDriver.java:159)
	at com.home.pages.HomePage.open(HomePage.java:101)
	at com.home.test.basetest.BasicTestCase.OpenPage(BasicTestCase.java:41)
	at sun.reflect.NativeMethodAccessorImpl.invoke0(Native Method)
	at sun.reflect.NativeMethodAccessorImpl.invoke(NativeMethodAccessorImpl.java:57)
	at sun.reflect.DelegatingMethodAccessorImpl.invoke(DelegatingMethodAccessorImpl.java:43)
	at java.lang.reflect.Method.invoke(Method.java:606)
	at org.testng.internal.MethodInvocationHelper.invokeMethod(MethodInvocationHelper.java:84)
	at org.testng.internal.Invoker.invokeConfigurationMethod(Invoker.java:564)
	at org.testng.internal.Invoker.invokeConfigurations(Invoker.java:213)
	at org.testng.internal.Invoker.invokeMethod(Invoker.java:653)
	at org.testng.internal.Invoker.invokeTestMethod(Invoker.java:901)
	at org.testng.internal.Invoker.invokeTestMethods(Invoker.java:1231)
	at org.testng.internal.TestMethodWorker.invokeTestMethods(TestMethodWorker.java:127)
	at org.testng.internal.TestMethodWorker.run(TestMethodWorker.java:111)
	at org.testng.TestRunner.privateRun(TestRunner.java:767)
	at org.testng.TestRunner.run(TestRunner.java:617)
	at org.testng.SuiteRunner.runTest(SuiteRunner.java:334)
	at org.testng.SuiteRunner.runSequentially(SuiteRunner.java:329)
	at org.testng.SuiteRunner.privateRun(SuiteRunner.java:291)
	at org.testng.SuiteRunner.run(SuiteRunner.java:240)
	at org.testng.SuiteRunnerWorker.runSuite(SuiteRunnerWorker.java:52)
	at org.testng.SuiteRunnerWorker.run(SuiteRunnerWorker.java:86)
	at org.testng.TestNG.runSuitesSequentially(TestNG.java:1224)
	at org.testng.TestNG.runSuitesSequentially(TestNG.java:1220)
	at org.testng.TestNG.runSuitesLocally(TestNG.java:1149)
	at org.testng.TestNG.run(TestNG.java:1057)
	at org.testng.remote.RemoteTestNG.run(RemoteTestNG.java:111)
	at org.testng.remote.RemoteTestNG.initAndRun(RemoteTestNG.java:204)
	at org.testng.remote.RemoteTestNG.main(RemoteTestNG.java:175)
</div></td></tr></table><p class="totop"><a href="#summary">back to summary</a></p><h3 id="m1">com.home.test.pages.HomePageTest#OpenPage</h3><table class="result"></table><p class="totop"><a href="#summary">back to summary</a></p><h3 id="m2">com.home.test.pages.LoginPageTest#OpenPage</h3><table class="result"></table><p class="totop"><a href="#summary">back to summary</a></p><h3 id="m3">com.home.test.pages.LoginPageTest#OpenPage</h3><table class="result"></table><p class="totop"><a href="#summary">back to summary</a></p><h3 id="m4">com.home.test.pages.SearchPageTest#OpenPage</h3><table class="result"></table><p class="totop"><a href="#summary">back to summary</a></p><h3 id="m5">com.home.test.pages.HomePageTest#testDeals</h3><table class="result"></table><p class="totop"><a href="#summary">back to summary</a></p><h3 id="m6">com.home.test.pages.HomePageTest#testNotifications</h3><table class="result"></table><p class="totop"><a href="#summary">back to summary</a></p><h3 id="m7">com.home.test.pages.LoginPageTest#LogOut</h3><table class="result"></table><p class="totop"><a href="#summary">back to summary</a></p><h3 id="m8">com.home.test.pages.LoginPageTest#testLogin</h3><table class="result"></table><p class="totop"><a href="#summary">back to summary</a></p><h3 id="m9">com.home.test.pages.SearchPageTest#testSearch</h3><table class="result"></table><p class="totop"><a href="#summary">back to summary</a></p><h2>tests on Internet Explorer</h2><h3 id="m10">com.home.test.pages.HomePageTest#testDeals</h3><table class="result"><tr><th>Messages</th></tr><tr><td><div class="messages">&lt;p&gt;&lt;b&gt;WebDriver Exception throwed:&lt;/b&gt;&amp;nbspno such element
  (Session info: chrome=35.0.1916.153)
  (Driver info: chromedriver=2.9.248315,platform=Windows NT 6.1 SP1 x86_64) (WARNING: The server did not provide any stacktrace information)
Command duration or timeout: 10.04 seconds
For documentation on this error, please visit: http://seleniumhq.org/exceptions/no_such_element.html
Build info: version: &apos;2.42.2&apos;, revision: &apos;6a6995d&apos;, time: &apos;2014-06-03 17:42:03&apos;
System info: host: &apos;WIN-6TNKA2CT5MN&apos;, ip: &apos;93.77.153.89&apos;, os.name: &apos;Windows 7&apos;, os.arch: &apos;amd64&apos;, os.version: &apos;6.1&apos;, java.version: &apos;1.7.0_51&apos;
Session ID: 90890aae7691ff640e4ab3f4a3399316
Driver info: org.openqa.selenium.chrome.ChromeDriver
Capabilities [{platform=XP, acceptSslCerts=true, javascriptEnabled=true, browserName=chrome, chrome={userDataDir=C:\Users\mahas\AppData\Local\Temp\scoped_dir7236_13097}, rotatable=false, locationContextEnabled=true, version=35.0.1916.153, takesHeapSnapshot=true, cssSelectorsEnabled=true, databaseEnabled=false, handlesAlerts=true, browserConnectionEnabled=false, nativeEvents=true, webStorageEnabled=true, applicationCacheEnabled=false, takesScreenshot=true}]&lt;p&gt;<br/>&lt;b&gt;Was cliked on webelement with locator:&lt;/b&gt;&amp;nbspid(&quot;gh-ug&quot;)/a[1]; Element html tag: a&lt;p&gt;Sign in&lt;p&gt;<br/>&lt;b&gt;After clickON&lt;/b&gt;&lt;p&gt;<br/>&lt;b&gt;Change was performed on element with locator:&lt;/b&gt;&amp;nbspid(&quot;userid&quot;); Element html tag: input&lt;p&gt;&lt;p&gt;<br/>&lt;b&gt;Change was performed on element with locator:&lt;/b&gt;&amp;nbspid(&quot;userid&quot;); Element html tag: input&lt;p&gt;&lt;p&gt;<br/>&lt;b&gt;Change was performed on element with locator:&lt;/b&gt;&amp;nbspid(&quot;pass&quot;); Element html tag: input&lt;p&gt;&lt;p&gt;<br/>&lt;b&gt;Change was performed on element with locator:&lt;/b&gt;&amp;nbspid(&quot;pass&quot;); Element html tag: input&lt;p&gt;&lt;p&gt;<br/>&lt;b&gt;Was cliked on webelement with locator:&lt;/b&gt;&amp;nbspid(&quot;sgnbt&quot;); Element html tag: input&lt;p&gt;&lt;p&gt;<br/>&lt;b&gt;After clickON&lt;/b&gt;&lt;p&gt;</div></td></tr></table><p class="totop"><a href="#summary">back to summary</a></p><h3 id="m11">com.home.test.pages.HomePageTest#testNotifications</h3><table class="result"><tr><th>Messages</th></tr><tr><td><div class="messages">&lt;p&gt;&lt;b&gt;WebDriver Exception throwed:&lt;/b&gt;&amp;nbspno such element
  (Session info: chrome=35.0.1916.153)
  (Driver info: chromedriver=2.9.248315,platform=Windows NT 6.1 SP1 x86_64) (WARNING: The server did not provide any stacktrace information)
Command duration or timeout: 10.01 seconds
For documentation on this error, please visit: http://seleniumhq.org/exceptions/no_such_element.html
Build info: version: &apos;2.42.2&apos;, revision: &apos;6a6995d&apos;, time: &apos;2014-06-03 17:42:03&apos;
System info: host: &apos;WIN-6TNKA2CT5MN&apos;, ip: &apos;93.77.153.89&apos;, os.name: &apos;Windows 7&apos;, os.arch: &apos;amd64&apos;, os.version: &apos;6.1&apos;, java.version: &apos;1.7.0_51&apos;
Session ID: 90890aae7691ff640e4ab3f4a3399316
Driver info: org.openqa.selenium.chrome.ChromeDriver
Capabilities [{platform=XP, acceptSslCerts=true, javascriptEnabled=true, browserName=chrome, chrome={userDataDir=C:\Users\mahas\AppData\Local\Temp\scoped_dir7236_13097}, rotatable=false, locationContextEnabled=true, version=35.0.1916.153, takesHeapSnapshot=true, cssSelectorsEnabled=true, databaseEnabled=false, handlesAlerts=true, browserConnectionEnabled=false, nativeEvents=true, webStorageEnabled=true, applicationCacheEnabled=false, takesScreenshot=true}]&lt;p&gt;</div></td></tr></table><p class="totop"><a href="#summary">back to summary</a></p><h3 id="m12">com.home.test.pages.LoginPageTest#LogOut</h3><table class="result"><tr><th>Messages</th></tr><tr><td><div class="messages">&lt;b&gt;Was cliked on webelement with locator:&lt;/b&gt;&amp;nbspid(&quot;gh-ug&quot;); Element html tag: a&lt;p&gt;Hi, Max!&lt;p&gt;<br/>&lt;b&gt;After clickON&lt;/b&gt;&lt;p&gt;<br/>&lt;b&gt;Was cliked on webelement with locator:&lt;/b&gt;&amp;nbspid(&quot;gh-uo&quot;)/a[1]; Element html tag: a&lt;p&gt;Sign out&lt;p&gt;<br/>&lt;b&gt;After clickON&lt;/b&gt;&lt;p&gt;</div></td></tr></table><p class="totop"><a href="#summary">back to summary</a></p><h3 id="m13">com.home.test.pages.LoginPageTest#testLogin</h3><table class="result"><tr><th>Messages</th></tr><tr><td><div class="messages">&lt;p&gt;&lt;b&gt;WebDriver Exception throwed:&lt;/b&gt;&amp;nbspno such element
  (Session info: chrome=35.0.1916.153)
  (Driver info: chromedriver=2.9.248315,platform=Windows NT 6.1 SP1 x86_64) (WARNING: The server did not provide any stacktrace information)
Command duration or timeout: 10.05 seconds
For documentation on this error, please visit: http://seleniumhq.org/exceptions/no_such_element.html
Build info: version: &apos;2.42.2&apos;, revision: &apos;6a6995d&apos;, time: &apos;2014-06-03 17:42:03&apos;
System info: host: &apos;WIN-6TNKA2CT5MN&apos;, ip: &apos;93.77.153.89&apos;, os.name: &apos;Windows 7&apos;, os.arch: &apos;amd64&apos;, os.version: &apos;6.1&apos;, java.version: &apos;1.7.0_51&apos;
Session ID: 90890aae7691ff640e4ab3f4a3399316
Driver info: org.openqa.selenium.chrome.ChromeDriver
Capabilities [{platform=XP, acceptSslCerts=true, javascriptEnabled=true, browserName=chrome, chrome={userDataDir=C:\Users\mahas\AppData\Local\Temp\scoped_dir7236_13097}, rotatable=false, locationContextEnabled=true, version=35.0.1916.153, takesHeapSnapshot=true, cssSelectorsEnabled=true, databaseEnabled=false, handlesAlerts=true, browserConnectionEnabled=false, nativeEvents=true, webStorageEnabled=true, applicationCacheEnabled=false, takesScreenshot=true}]&lt;p&gt;</div></td></tr></table><p class="totop"><a href="#summary">back to summary</a></p><h3 id="m14">com.home.test.pages.SearchPageTest#testSearch</h3><table class="result"><tr><th>Messages</th></tr><tr><td><div class="messages">&lt;p&gt;&lt;b&gt;WebDriver Exception throwed:&lt;/b&gt;&amp;nbspno such element
  (Session info: chrome=35.0.1916.153)
  (Driver info: chromedriver=2.9.248315,platform=Windows NT 6.1 SP1 x86_64) (WARNING: The server did not provide any stacktrace information)
Command duration or timeout: 10.03 seconds
For documentation on this error, please visit: http://seleniumhq.org/exceptions/no_such_element.html
Build info: version: &apos;2.42.2&apos;, revision: &apos;6a6995d&apos;, time: &apos;2014-06-03 17:42:03&apos;
System info: host: &apos;WIN-6TNKA2CT5MN&apos;, ip: &apos;93.77.153.89&apos;, os.name: &apos;Windows 7&apos;, os.arch: &apos;amd64&apos;, os.version: &apos;6.1&apos;, java.version: &apos;1.7.0_51&apos;
Session ID: 90890aae7691ff640e4ab3f4a3399316
Driver info: org.openqa.selenium.chrome.ChromeDriver
Capabilities [{platform=XP, acceptSslCerts=true, javascriptEnabled=true, browserName=chrome, chrome={userDataDir=C:\Users\mahas\AppData\Local\Temp\scoped_dir7236_13097}, rotatable=false, locationContextEnabled=true, version=35.0.1916.153, takesHeapSnapshot=true, cssSelectorsEnabled=true, databaseEnabled=false, handlesAlerts=true, browserConnectionEnabled=false, nativeEvents=true, webStorageEnabled=true, applicationCacheEnabled=false, takesScreenshot=true}]&lt;p&gt;<br/>&lt;b&gt;Was cliked on webelement with locator:&lt;/b&gt;&amp;nbspid(&quot;gh-ug&quot;)/a[1]; Element html tag: a&lt;p&gt;Sign in&lt;p&gt;<br/>&lt;b&gt;After clickON&lt;/b&gt;&lt;p&gt;<br/>&lt;b&gt;Change was performed on element with locator:&lt;/b&gt;&amp;nbspid(&quot;userid&quot;); Element html tag: input&lt;p&gt;&lt;p&gt;<br/>&lt;b&gt;Change was performed on element with locator:&lt;/b&gt;&amp;nbspid(&quot;userid&quot;); Element html tag: input&lt;p&gt;&lt;p&gt;<br/>&lt;b&gt;Change was performed on element with locator:&lt;/b&gt;&amp;nbspid(&quot;pass&quot;); Element html tag: input&lt;p&gt;&lt;p&gt;<br/>&lt;b&gt;Change was performed on element with locator:&lt;/b&gt;&amp;nbspid(&quot;pass&quot;); Element html tag: input&lt;p&gt;&lt;p&gt;<br/>&lt;b&gt;Was cliked on webelement with locator:&lt;/b&gt;&amp;nbspid(&quot;sgnbt&quot;); Element html tag: input&lt;p&gt;&lt;p&gt;<br/>&lt;b&gt;After clickON&lt;/b&gt;&lt;p&gt;<br/>&lt;b&gt;Change was performed on element with locator:&lt;/b&gt;&amp;nbspid(&quot;gh-ac&quot;); Element html tag: input&lt;p&gt;&lt;p&gt;<br/>&lt;b&gt;Was cliked on webelement with locator:&lt;/b&gt;&amp;nbspid(&quot;gh-btn&quot;); Element html tag: input&lt;p&gt;&lt;p&gt;<br/>&lt;b&gt;After clickON&lt;/b&gt;&lt;p&gt;<br/>&lt;b&gt;Was cliked on webelement with locator:&lt;/b&gt;&amp;nbspid(&quot;gh-ug&quot;); Element html tag: a&lt;p&gt;Hi, Max!&lt;p&gt;<br/>&lt;b&gt;After clickON&lt;/b&gt;&lt;p&gt;<br/>&lt;b&gt;Was cliked on webelement with locator:&lt;/b&gt;&amp;nbspid(&quot;gh-uo&quot;)/a[1]; Element html tag: a&lt;p&gt;Sign out&lt;p&gt;<br/>&lt;b&gt;After clickON&lt;/b&gt;&lt;p&gt;</div></td></tr></table><p class="totop"><a href="#summary">back to summary</a></p><h2>tests on Google Chrome</h2><h3 id="m15">com.home.test.pages.HomePageTest#OpenPage</h3><table class="result"><tr><th>Messages</th></tr><tr><td><div class="messages">&lt;p&gt;&lt;b&gt;WebDriver Exception throwed:&lt;/b&gt;&amp;nbspSession ID is null. Using WebDriver after calling quit()?
Build info: version: &apos;2.42.2&apos;, revision: &apos;6a6995d&apos;, time: &apos;2014-06-03 17:42:03&apos;
System info: host: &apos;WIN-6TNKA2CT5MN&apos;, ip: &apos;93.77.153.89&apos;, os.name: &apos;Windows 7&apos;, os.arch: &apos;amd64&apos;, os.version: &apos;6.1&apos;, java.version: &apos;1.7.0_51&apos;
Driver info: driver.version: EventFiringWebDriver&lt;p&gt;</div></td></tr><tr><th>Exception</th></tr><tr><td><div class="stacktrace">org.openqa.selenium.remote.SessionNotFoundException: Session ID is null. Using WebDriver after calling quit()?
Build info: version: &apos;2.42.2&apos;, revision: &apos;6a6995d&apos;, time: &apos;2014-06-03 17:42:03&apos;
System info: host: &apos;WIN-6TNKA2CT5MN&apos;, ip: &apos;93.77.153.89&apos;, os.name: &apos;Windows 7&apos;, os.arch: &apos;amd64&apos;, os.version: &apos;6.1&apos;, java.version: &apos;1.7.0_51&apos;
Driver info: driver.version: EventFiringWebDriver
	at org.openqa.selenium.remote.HttpCommandExecutor.execute(HttpCommandExecutor.java:147)
	at org.openqa.selenium.remote.service.DriverCommandExecutor.execute(DriverCommandExecutor.java:66)
	at org.openqa.selenium.remote.RemoteWebDriver.execute(RemoteWebDriver.java:572)
	at org.openqa.selenium.remote.RemoteWebDriver.get(RemoteWebDriver.java:304)
	at sun.reflect.NativeMethodAccessorImpl.invoke0(Native Method)
	at sun.reflect.NativeMethodAccessorImpl.invoke(NativeMethodAccessorImpl.java:57)
	at sun.reflect.DelegatingMethodAccessorImpl.invoke(DelegatingMethodAccessorImpl.java:43)
	at java.lang.reflect.Method.invoke(Method.java:606)
	at org.openqa.selenium.support.events.EventFiringWebDriver$2.invoke(EventFiringWebDriver.java:101)
	at com.sun.proxy.$Proxy12.get(Unknown Source)
	at org.openqa.selenium.support.events.EventFiringWebDriver.get(EventFiringWebDriver.java:159)
	at com.home.pages.HomePage.open(HomePage.java:101)
	at com.home.test.basetest.BasicTestCase.OpenPage(BasicTestCase.java:41)
	at sun.reflect.NativeMethodAccessorImpl.invoke0(Native Method)
	at sun.reflect.NativeMethodAccessorImpl.invoke(NativeMethodAccessorImpl.java:57)
	at sun.reflect.DelegatingMethodAccessorImpl.invoke(DelegatingMethodAccessorImpl.java:43)
	at java.lang.reflect.Method.invoke(Method.java:606)
	at org.testng.internal.MethodInvocationHelper.invokeMethod(MethodInvocationHelper.java:84)
	at org.testng.internal.Invoker.invokeConfigurationMethod(Invoker.java:564)
	at org.testng.internal.Invoker.invokeConfigurations(Invoker.java:213)
	at org.testng.internal.Invoker.invokeMethod(Invoker.java:653)
	at org.testng.internal.Invoker.invokeTestMethod(Invoker.java:901)
	at org.testng.internal.Invoker.invokeTestMethods(Invoker.java:1231)
	at org.testng.internal.TestMethodWorker.invokeTestMethods(TestMethodWorker.java:127)
	at org.testng.internal.TestMethodWorker.run(TestMethodWorker.java:111)
	at org.testng.TestRunner.privateRun(TestRunner.java:767)
	at org.testng.TestRunner.run(TestRunner.java:617)
	at org.testng.SuiteRunner.runTest(SuiteRunner.java:334)
	at org.testng.SuiteRunner.runSequentially(SuiteRunner.java:329)
	at org.testng.SuiteRunner.privateRun(SuiteRunner.java:291)
	at org.testng.SuiteRunner.run(SuiteRunner.java:240)
	at org.testng.SuiteRunnerWorker.runSuite(SuiteRunnerWorker.java:52)
	at org.testng.SuiteRunnerWorker.run(SuiteRunnerWorker.java:86)
	at org.testng.TestNG.runSuitesSequentially(TestNG.java:1224)
	at org.testng.TestNG.runSuitesSequentially(TestNG.java:1220)
	at org.testng.TestNG.runSuitesLocally(TestNG.java:1149)
	at org.testng.TestNG.run(TestNG.java:1057)
	at org.testng.remote.RemoteTestNG.run(RemoteTestNG.java:111)
	at org.testng.remote.RemoteTestNG.initAndRun(RemoteTestNG.java:204)
	at org.testng.remote.RemoteTestNG.main(RemoteTestNG.java:175)
</div></td></tr></table><p class="totop"><a href="#summary">back to summary</a></p><h3 id="m16">com.home.test.pages.HomePageTest#OpenPage</h3><table class="result"></table><p class="totop"><a href="#summary">back to summary</a></p><h3 id="m17">com.home.test.pages.LoginPageTest#OpenPage</h3><table class="result"></table><p class="totop"><a href="#summary">back to summary</a></p><h3 id="m18">com.home.test.pages.LoginPageTest#OpenPage</h3><table class="result"></table><p class="totop"><a href="#summary">back to summary</a></p><h3 id="m19">com.home.test.pages.SearchPageTest#OpenPage</h3><table class="result"></table><p class="totop"><a href="#summary">back to summary</a></p><h3 id="m20">com.home.test.pages.HomePageTest#testDeals</h3><table class="result"></table><p class="totop"><a href="#summary">back to summary</a></p><h3 id="m21">com.home.test.pages.HomePageTest#testNotifications</h3><table class="result"></table><p class="totop"><a href="#summary">back to summary</a></p><h3 id="m22">com.home.test.pages.LoginPageTest#LogOut</h3><table class="result"></table><p class="totop"><a href="#summary">back to summary</a></p><h3 id="m23">com.home.test.pages.LoginPageTest#testLogin</h3><table class="result"></table><p class="totop"><a href="#summary">back to summary</a></p><h3 id="m24">com.home.test.pages.SearchPageTest#testSearch</h3><table class="result"></table><p class="totop"><a href="#summary">back to summary</a></p></body></html>