<?xml version="1.0" encoding="UTF-8"?>
<testng-results skipped="10" failed="0" total="15" passed="5">
  <reporter-output>
    <line>
      <![CDATA[<b>Navigated to the url:</b>&nbsphttp://www.ebay.com/<p>]]>
    </line>
    <line>
      <![CDATA[<p><b>WebDriver Exception throwed:</b>&nbspno such element
  (Session info: chrome=35.0.1916.153)
  (Driver info: chromedriver=2.9.248315,platform=Windows NT 6.1 SP1 x86_64) (WARNING: The server did not provide any stacktrace information)
Command duration or timeout: 10.04 seconds
For documentation on this error, please visit: http://seleniumhq.org/exceptions/no_such_element.html
Build info: version: '2.42.2', revision: '6a6995d', time: '2014-06-03 17:42:03'
System info: host: 'WIN-6TNKA2CT5MN', ip: '93.77.153.89', os.name: 'Windows 7', os.arch: 'amd64', os.version: '6.1', java.version: '1.7.0_51'
Session ID: 90890aae7691ff640e4ab3f4a3399316
Driver info: org.openqa.selenium.chrome.ChromeDriver
Capabilities [{platform=XP, acceptSslCerts=true, javascriptEnabled=true, browserName=chrome, chrome={userDataDir=C:\Users\mahas\AppData\Local\Temp\scoped_dir7236_13097}, rotatable=false, locationContextEnabled=true, version=35.0.1916.153, takesHeapSnapshot=true, cssSelectorsEnabled=true, databaseEnabled=false, handlesAlerts=true, browserConnectionEnabled=false, nativeEvents=true, webStorageEnabled=true, applicationCacheEnabled=false, takesScreenshot=true}]<p>]]>
    </line>
    <line>
      <![CDATA[<b>Was cliked on webelement with locator:</b>&nbspid("gh-ug")/a[1]; Element html tag: a<p>Sign in<p>]]>
    </line>
    <line>
      <![CDATA[<b>After clickON</b><p>]]>
    </line>
    <line>
      <![CDATA[<b>Change was performed on element with locator:</b>&nbspid("userid"); Element html tag: input<p><p>]]>
    </line>
    <line>
      <![CDATA[<b>Change was performed on element with locator:</b>&nbspid("userid"); Element html tag: input<p><p>]]>
    </line>
    <line>
      <![CDATA[<b>Change was performed on element with locator:</b>&nbspid("pass"); Element html tag: input<p><p>]]>
    </line>
    <line>
      <![CDATA[<b>Change was performed on element with locator:</b>&nbspid("pass"); Element html tag: input<p><p>]]>
    </line>
    <line>
      <![CDATA[<b>Was cliked on webelement with locator:</b>&nbspid("sgnbt"); Element html tag: input<p><p>]]>
    </line>
    <line>
      <![CDATA[<b>After clickON</b><p>]]>
    </line>
    <line>
      <![CDATA[<p><b>WebDriver Exception throwed:</b>&nbspno such element
  (Session info: chrome=35.0.1916.153)
  (Driver info: chromedriver=2.9.248315,platform=Windows NT 6.1 SP1 x86_64) (WARNING: The server did not provide any stacktrace information)
Command duration or timeout: 10.01 seconds
For documentation on this error, please visit: http://seleniumhq.org/exceptions/no_such_element.html
Build info: version: '2.42.2', revision: '6a6995d', time: '2014-06-03 17:42:03'
System info: host: 'WIN-6TNKA2CT5MN', ip: '93.77.153.89', os.name: 'Windows 7', os.arch: 'amd64', os.version: '6.1', java.version: '1.7.0_51'
Session ID: 90890aae7691ff640e4ab3f4a3399316
Driver info: org.openqa.selenium.chrome.ChromeDriver
Capabilities [{platform=XP, acceptSslCerts=true, javascriptEnabled=true, browserName=chrome, chrome={userDataDir=C:\Users\mahas\AppData\Local\Temp\scoped_dir7236_13097}, rotatable=false, locationContextEnabled=true, version=35.0.1916.153, takesHeapSnapshot=true, cssSelectorsEnabled=true, databaseEnabled=false, handlesAlerts=true, browserConnectionEnabled=false, nativeEvents=true, webStorageEnabled=true, applicationCacheEnabled=false, takesScreenshot=true}]<p>]]>
    </line>
    <line>
      <![CDATA[<b>Navigated to the url:</b>&nbsphttp://www.ebay.com/<p>]]>
    </line>
    <line>
      <![CDATA[<p><b>WebDriver Exception throwed:</b>&nbspno such element
  (Session info: chrome=35.0.1916.153)
  (Driver info: chromedriver=2.9.248315,platform=Windows NT 6.1 SP1 x86_64) (WARNING: The server did not provide any stacktrace information)
Command duration or timeout: 10.05 seconds
For documentation on this error, please visit: http://seleniumhq.org/exceptions/no_such_element.html
Build info: version: '2.42.2', revision: '6a6995d', time: '2014-06-03 17:42:03'
System info: host: 'WIN-6TNKA2CT5MN', ip: '93.77.153.89', os.name: 'Windows 7', os.arch: 'amd64', os.version: '6.1', java.version: '1.7.0_51'
Session ID: 90890aae7691ff640e4ab3f4a3399316
Driver info: org.openqa.selenium.chrome.ChromeDriver
Capabilities [{platform=XP, acceptSslCerts=true, javascriptEnabled=true, browserName=chrome, chrome={userDataDir=C:\Users\mahas\AppData\Local\Temp\scoped_dir7236_13097}, rotatable=false, locationContextEnabled=true, version=35.0.1916.153, takesHeapSnapshot=true, cssSelectorsEnabled=true, databaseEnabled=false, handlesAlerts=true, browserConnectionEnabled=false, nativeEvents=true, webStorageEnabled=true, applicationCacheEnabled=false, takesScreenshot=true}]<p>]]>
    </line>
    <line>
      <![CDATA[<b>Was cliked on webelement with locator:</b>&nbspid("gh-ug"); Element html tag: a<p>Hi, Max!<p>]]>
    </line>
    <line>
      <![CDATA[<b>After clickON</b><p>]]>
    </line>
    <line>
      <![CDATA[<b>Was cliked on webelement with locator:</b>&nbspid("gh-uo")/a[1]; Element html tag: a<p>Sign out<p>]]>
    </line>
    <line>
      <![CDATA[<b>After clickON</b><p>]]>
    </line>
    <line>
      <![CDATA[<b>Navigated to the url:</b>&nbsphttp://www.ebay.com/<p>]]>
    </line>
    <line>
      <![CDATA[<p><b>WebDriver Exception throwed:</b>&nbspno such element
  (Session info: chrome=35.0.1916.153)
  (Driver info: chromedriver=2.9.248315,platform=Windows NT 6.1 SP1 x86_64) (WARNING: The server did not provide any stacktrace information)
Command duration or timeout: 10.03 seconds
For documentation on this error, please visit: http://seleniumhq.org/exceptions/no_such_element.html
Build info: version: '2.42.2', revision: '6a6995d', time: '2014-06-03 17:42:03'
System info: host: 'WIN-6TNKA2CT5MN', ip: '93.77.153.89', os.name: 'Windows 7', os.arch: 'amd64', os.version: '6.1', java.version: '1.7.0_51'
Session ID: 90890aae7691ff640e4ab3f4a3399316
Driver info: org.openqa.selenium.chrome.ChromeDriver
Capabilities [{platform=XP, acceptSslCerts=true, javascriptEnabled=true, browserName=chrome, chrome={userDataDir=C:\Users\mahas\AppData\Local\Temp\scoped_dir7236_13097}, rotatable=false, locationContextEnabled=true, version=35.0.1916.153, takesHeapSnapshot=true, cssSelectorsEnabled=true, databaseEnabled=false, handlesAlerts=true, browserConnectionEnabled=false, nativeEvents=true, webStorageEnabled=true, applicationCacheEnabled=false, takesScreenshot=true}]<p>]]>
    </line>
    <line>
      <![CDATA[<b>Was cliked on webelement with locator:</b>&nbspid("gh-ug")/a[1]; Element html tag: a<p>Sign in<p>]]>
    </line>
    <line>
      <![CDATA[<b>After clickON</b><p>]]>
    </line>
    <line>
      <![CDATA[<b>Change was performed on element with locator:</b>&nbspid("userid"); Element html tag: input<p><p>]]>
    </line>
    <line>
      <![CDATA[<b>Change was performed on element with locator:</b>&nbspid("userid"); Element html tag: input<p><p>]]>
    </line>
    <line>
      <![CDATA[<b>Change was performed on element with locator:</b>&nbspid("pass"); Element html tag: input<p><p>]]>
    </line>
    <line>
      <![CDATA[<b>Change was performed on element with locator:</b>&nbspid("pass"); Element html tag: input<p><p>]]>
    </line>
    <line>
      <![CDATA[<b>Was cliked on webelement with locator:</b>&nbspid("sgnbt"); Element html tag: input<p><p>]]>
    </line>
    <line>
      <![CDATA[<b>After clickON</b><p>]]>
    </line>
    <line>
      <![CDATA[<b>Change was performed on element with locator:</b>&nbspid("gh-ac"); Element html tag: input<p><p>]]>
    </line>
    <line>
      <![CDATA[<b>Was cliked on webelement with locator:</b>&nbspid("gh-btn"); Element html tag: input<p><p>]]>
    </line>
    <line>
      <![CDATA[<b>After clickON</b><p>]]>
    </line>
    <line>
      <![CDATA[<b>Was cliked on webelement with locator:</b>&nbspid("gh-ug"); Element html tag: a<p>Hi, Max!<p>]]>
    </line>
    <line>
      <![CDATA[<b>After clickON</b><p>]]>
    </line>
    <line>
      <![CDATA[<b>Was cliked on webelement with locator:</b>&nbspid("gh-uo")/a[1]; Element html tag: a<p>Sign out<p>]]>
    </line>
    <line>
      <![CDATA[<b>After clickON</b><p>]]>
    </line>
    <line>
      <![CDATA[<p><b>WebDriver Exception throwed:</b>&nbspSession ID is null. Using WebDriver after calling quit()?
Build info: version: '2.42.2', revision: '6a6995d', time: '2014-06-03 17:42:03'
System info: host: 'WIN-6TNKA2CT5MN', ip: '93.77.153.89', os.name: 'Windows 7', os.arch: 'amd64', os.version: '6.1', java.version: '1.7.0_51'
Driver info: driver.version: EventFiringWebDriver<p>]]>
    </line>
    <line>
      <![CDATA[<p><b>WebDriver Exception throwed:</b>&nbspSession ID is null. Using WebDriver after calling quit()?
Build info: version: '2.42.2', revision: '6a6995d', time: '2014-06-03 17:42:03'
System info: host: 'WIN-6TNKA2CT5MN', ip: '93.77.153.89', os.name: 'Windows 7', os.arch: 'amd64', os.version: '6.1', java.version: '1.7.0_51'
Driver info: driver.version: EventFiringWebDriver<p>]]>
    </line>
  </reporter-output>
  <suite name="Testing on Mozilla Firefox" duration-ms="41" started-at="2014-07-05T09:57:57Z" finished-at="2014-07-05T09:57:57Z">
    <groups>
      <group name="home">
        <method signature="HomePageTest.testDeals()[pri:0, instance:com.home.test.pages.HomePageTest@8fa0f67]" name="testDeals" class="com.home.test.pages.HomePageTest"/>
        <method signature="HomePageTest.testNotifications()[pri:0, instance:com.home.test.pages.HomePageTest@8fa0f67]" name="testNotifications" class="com.home.test.pages.HomePageTest"/>
      </group> <!-- home -->
      <group name="ebayAll">
        <method signature="HomePageTest.testDeals()[pri:0, instance:com.home.test.pages.HomePageTest@8fa0f67]" name="testDeals" class="com.home.test.pages.HomePageTest"/>
        <method signature="HomePageTest.testNotifications()[pri:0, instance:com.home.test.pages.HomePageTest@8fa0f67]" name="testNotifications" class="com.home.test.pages.HomePageTest"/>
        <method signature="LoginPageTest.LogOut()[pri:0, instance:com.home.test.pages.LoginPageTest@6c2e1e17]" name="LogOut" class="com.home.test.pages.LoginPageTest"/>
        <method signature="LoginPageTest.testLogin()[pri:0, instance:com.home.test.pages.LoginPageTest@6c2e1e17]" name="testLogin" class="com.home.test.pages.LoginPageTest"/>
        <method signature="SearchPageTest.testSearch()[pri:0, instance:com.home.test.pages.SearchPageTest@590937cb]" name="testSearch" class="com.home.test.pages.SearchPageTest"/>
      </group> <!-- ebayAll -->
      <group name="search">
        <method signature="SearchPageTest.testSearch()[pri:0, instance:com.home.test.pages.SearchPageTest@590937cb]" name="testSearch" class="com.home.test.pages.SearchPageTest"/>
      </group> <!-- search -->
      <group name="login">
        <method signature="LoginPageTest.LogOut()[pri:0, instance:com.home.test.pages.LoginPageTest@6c2e1e17]" name="LogOut" class="com.home.test.pages.LoginPageTest"/>
        <method signature="LoginPageTest.testLogin()[pri:0, instance:com.home.test.pages.LoginPageTest@6c2e1e17]" name="testLogin" class="com.home.test.pages.LoginPageTest"/>
      </group> <!-- login -->
    </groups>
    <test name="tests on Mozilla Firefox" duration-ms="41" started-at="2014-07-05T09:57:57Z" finished-at="2014-07-05T09:57:57Z">
      <class name="com.home.test.pages.HomePageTest">
        <test-method status="PASS" signature="getWebDriver(java.lang.String)[pri:0, instance:com.home.test.pages.HomePageTest@8fa0f67]" name="getWebDriver" is-config="true" duration-ms="1" started-at="2014-07-05T12:57:57Z" finished-at="2014-07-05T12:57:57Z">
          <params>
            <param index="0">
              <value>
                <![CDATA[firefox]]>
              </value>
            </param>
          </params>
          <reporter-output>
          </reporter-output>
        </test-method> <!-- getWebDriver -->
        <test-method status="FAIL" signature="OpenPage()[pri:0, instance:com.home.test.pages.HomePageTest@8fa0f67]" name="OpenPage" is-config="true" duration-ms="0" started-at="2014-07-05T12:57:57Z" finished-at="2014-07-05T12:57:57Z">
          <exception class="org.openqa.selenium.remote.SessionNotFoundException">
            <message>
              <![CDATA[Session ID is null. Using WebDriver after calling quit()?
Build info: version: '2.42.2', revision: '6a6995d', time: '2014-06-03 17:42:03'
System info: host: 'WIN-6TNKA2CT5MN', ip: '93.77.153.89', os.name: 'Windows 7', os.arch: 'amd64', os.version: '6.1', java.version: '1.7.0_51'
Driver info: driver.version: EventFiringWebDriver]]>
            </message>
            <full-stacktrace>
              <![CDATA[org.openqa.selenium.remote.SessionNotFoundException: Session ID is null. Using WebDriver after calling quit()?
Build info: version: '2.42.2', revision: '6a6995d', time: '2014-06-03 17:42:03'
System info: host: 'WIN-6TNKA2CT5MN', ip: '93.77.153.89', os.name: 'Windows 7', os.arch: 'amd64', os.version: '6.1', java.version: '1.7.0_51'
Driver info: driver.version: EventFiringWebDriver
	at org.openqa.selenium.remote.HttpCommandExecutor.execute(HttpCommandExecutor.java:147)
	at org.openqa.selenium.remote.service.DriverCommandExecutor.execute(DriverCommandExecutor.java:66)
	at org.openqa.selenium.remote.RemoteWebDriver.execute(RemoteWebDriver.java:572)
	at org.openqa.selenium.remote.RemoteWebDriver.get(RemoteWebDriver.java:304)
	at sun.reflect.NativeMethodAccessorImpl.invoke0(Native Method)
	at sun.reflect.NativeMethodAccessorImpl.invoke(NativeMethodAccessorImpl.java:57)
	at sun.reflect.DelegatingMethodAccessorImpl.invoke(DelegatingMethodAccessorImpl.java:43)
	at java.lang.reflect.Method.invoke(Method.java:606)
	at org.openqa.selenium.support.events.EventFiringWebDriver$2.invoke(EventFiringWebDriver.java:101)
	at com.sun.proxy.$Proxy12.get(Unknown Source)
	at org.openqa.selenium.support.events.EventFiringWebDriver.get(EventFiringWebDriver.java:159)
	at com.home.pages.HomePage.open(HomePage.java:101)
	at com.home.test.basetest.BasicTestCase.OpenPage(BasicTestCase.java:41)
	at sun.reflect.NativeMethodAccessorImpl.invoke0(Native Method)
	at sun.reflect.NativeMethodAccessorImpl.invoke(NativeMethodAccessorImpl.java:57)
	at sun.reflect.DelegatingMethodAccessorImpl.invoke(DelegatingMethodAccessorImpl.java:43)
	at java.lang.reflect.Method.invoke(Method.java:606)
	at org.testng.internal.MethodInvocationHelper.invokeMethod(MethodInvocationHelper.java:84)
	at org.testng.internal.Invoker.invokeConfigurationMethod(Invoker.java:564)
	at org.testng.internal.Invoker.invokeConfigurations(Invoker.java:213)
	at org.testng.internal.Invoker.invokeMethod(Invoker.java:653)
	at org.testng.internal.Invoker.invokeTestMethod(Invoker.java:901)
	at org.testng.internal.Invoker.invokeTestMethods(Invoker.java:1231)
	at org.testng.internal.TestMethodWorker.invokeTestMethods(TestMethodWorker.java:127)
	at org.testng.internal.TestMethodWorker.run(TestMethodWorker.java:111)
	at org.testng.TestRunner.privateRun(TestRunner.java:767)
	at org.testng.TestRunner.run(TestRunner.java:617)
	at org.testng.SuiteRunner.runTest(SuiteRunner.java:334)
	at org.testng.SuiteRunner.runSequentially(SuiteRunner.java:329)
	at org.testng.SuiteRunner.privateRun(SuiteRunner.java:291)
	at org.testng.SuiteRunner.run(SuiteRunner.java:240)
	at org.testng.SuiteRunnerWorker.runSuite(SuiteRunnerWorker.java:52)
	at org.testng.SuiteRunnerWorker.run(SuiteRunnerWorker.java:86)
	at org.testng.TestNG.runSuitesSequentially(TestNG.java:1224)
	at org.testng.TestNG.runSuitesSequentially(TestNG.java:1220)
	at org.testng.TestNG.runSuitesLocally(TestNG.java:1149)
	at org.testng.TestNG.run(TestNG.java:1057)
	at org.testng.remote.RemoteTestNG.run(RemoteTestNG.java:111)
	at org.testng.remote.RemoteTestNG.initAndRun(RemoteTestNG.java:204)
	at org.testng.remote.RemoteTestNG.main(RemoteTestNG.java:175)
]]>
            </full-stacktrace>
          </exception> <!-- org.openqa.selenium.remote.SessionNotFoundException -->
          <reporter-output>
            <line>
              <![CDATA[<p><b>WebDriver Exception throwed:</b>&nbspSession ID is null. Using WebDriver after calling quit()?
Build info: version: '2.42.2', revision: '6a6995d', time: '2014-06-03 17:42:03'
System info: host: 'WIN-6TNKA2CT5MN', ip: '93.77.153.89', os.name: 'Windows 7', os.arch: 'amd64', os.version: '6.1', java.version: '1.7.0_51'
Driver info: driver.version: EventFiringWebDriver<p>]]>
            </line>
          </reporter-output>
        </test-method> <!-- OpenPage -->
        <test-method status="SKIP" signature="testDeals()[pri:0, instance:com.home.test.pages.HomePageTest@8fa0f67]" name="testDeals" duration-ms="1" started-at="2014-07-05T12:57:57Z" finished-at="2014-07-05T12:57:57Z">
          <reporter-output>
          </reporter-output>
        </test-method> <!-- testDeals -->
        <test-method status="SKIP" signature="OpenPage()[pri:0, instance:com.home.test.pages.HomePageTest@8fa0f67]" name="OpenPage" is-config="true" duration-ms="0" started-at="2014-07-05T12:57:57Z" finished-at="2014-07-05T12:57:57Z">
          <reporter-output>
          </reporter-output>
        </test-method> <!-- OpenPage -->
        <test-method status="SKIP" signature="testNotifications()[pri:0, instance:com.home.test.pages.HomePageTest@8fa0f67]" name="testNotifications" duration-ms="0" started-at="2014-07-05T12:57:57Z" finished-at="2014-07-05T12:57:57Z">
          <reporter-output>
          </reporter-output>
        </test-method> <!-- testNotifications -->
        <test-method status="PASS" signature="ShutDown()[pri:0, instance:com.home.test.pages.HomePageTest@8fa0f67]" name="ShutDown" is-config="true" duration-ms="1" started-at="2014-07-05T12:57:57Z" finished-at="2014-07-05T12:57:57Z">
          <reporter-output>
          </reporter-output>
        </test-method> <!-- ShutDown -->
      </class> <!-- com.home.test.pages.HomePageTest -->
      <class name="com.home.test.pages.SearchPageTest">
        <test-method status="SKIP" signature="OpenPage()[pri:0, instance:com.home.test.pages.SearchPageTest@590937cb]" name="OpenPage" is-config="true" duration-ms="0" started-at="2014-07-05T12:57:57Z" finished-at="2014-07-05T12:57:57Z">
          <reporter-output>
          </reporter-output>
        </test-method> <!-- OpenPage -->
        <test-method status="SKIP" signature="testSearch()[pri:0, instance:com.home.test.pages.SearchPageTest@590937cb]" name="testSearch" duration-ms="1" started-at="2014-07-05T12:57:57Z" finished-at="2014-07-05T12:57:57Z">
          <reporter-output>
          </reporter-output>
        </test-method> <!-- testSearch -->
      </class> <!-- com.home.test.pages.SearchPageTest -->
      <class name="com.home.test.pages.LoginPageTest">
        <test-method status="SKIP" signature="OpenPage()[pri:0, instance:com.home.test.pages.LoginPageTest@6c2e1e17]" name="OpenPage" is-config="true" duration-ms="0" started-at="2014-07-05T12:57:57Z" finished-at="2014-07-05T12:57:57Z">
          <reporter-output>
          </reporter-output>
        </test-method> <!-- OpenPage -->
        <test-method status="SKIP" signature="testLogin()[pri:0, instance:com.home.test.pages.LoginPageTest@6c2e1e17]" name="testLogin" duration-ms="0" started-at="2014-07-05T12:57:57Z" finished-at="2014-07-05T12:57:57Z">
          <reporter-output>
          </reporter-output>
        </test-method> <!-- testLogin -->
        <test-method status="SKIP" signature="LogOut()[pri:0, instance:com.home.test.pages.LoginPageTest@6c2e1e17]" name="LogOut" duration-ms="1" started-at="2014-07-05T12:57:57Z" finished-at="2014-07-05T12:57:57Z">
          <reporter-output>
          </reporter-output>
        </test-method> <!-- LogOut -->
        <test-method status="SKIP" signature="OpenPage()[pri:0, instance:com.home.test.pages.LoginPageTest@6c2e1e17]" name="OpenPage" is-config="true" duration-ms="0" started-at="2014-07-05T12:57:57Z" finished-at="2014-07-05T12:57:57Z">
          <reporter-output>
          </reporter-output>
        </test-method> <!-- OpenPage -->
      </class> <!-- com.home.test.pages.LoginPageTest -->
    </test> <!-- tests on Mozilla Firefox -->
  </suite> <!-- Testing on Mozilla Firefox -->
  <suite name="Testing on Internet Explorer" duration-ms="89841" started-at="2014-07-05T09:56:24Z" finished-at="2014-07-05T09:57:54Z">
    <groups>
      <group name="home">
        <method signature="HomePageTest.testDeals()[pri:0, instance:com.home.test.pages.HomePageTest@7e7d611f]" name="testDeals" class="com.home.test.pages.HomePageTest"/>
        <method signature="HomePageTest.testNotifications()[pri:0, instance:com.home.test.pages.HomePageTest@7e7d611f]" name="testNotifications" class="com.home.test.pages.HomePageTest"/>
      </group> <!-- home -->
      <group name="ebayAll">
        <method signature="HomePageTest.testDeals()[pri:0, instance:com.home.test.pages.HomePageTest@7e7d611f]" name="testDeals" class="com.home.test.pages.HomePageTest"/>
        <method signature="HomePageTest.testNotifications()[pri:0, instance:com.home.test.pages.HomePageTest@7e7d611f]" name="testNotifications" class="com.home.test.pages.HomePageTest"/>
        <method signature="LoginPageTest.LogOut()[pri:0, instance:com.home.test.pages.LoginPageTest@6f84922c]" name="LogOut" class="com.home.test.pages.LoginPageTest"/>
        <method signature="LoginPageTest.testLogin()[pri:0, instance:com.home.test.pages.LoginPageTest@6f84922c]" name="testLogin" class="com.home.test.pages.LoginPageTest"/>
        <method signature="SearchPageTest.testSearch()[pri:0, instance:com.home.test.pages.SearchPageTest@43262d8c]" name="testSearch" class="com.home.test.pages.SearchPageTest"/>
      </group> <!-- ebayAll -->
      <group name="search">
        <method signature="SearchPageTest.testSearch()[pri:0, instance:com.home.test.pages.SearchPageTest@43262d8c]" name="testSearch" class="com.home.test.pages.SearchPageTest"/>
      </group> <!-- search -->
      <group name="login">
        <method signature="LoginPageTest.LogOut()[pri:0, instance:com.home.test.pages.LoginPageTest@6f84922c]" name="LogOut" class="com.home.test.pages.LoginPageTest"/>
        <method signature="LoginPageTest.testLogin()[pri:0, instance:com.home.test.pages.LoginPageTest@6f84922c]" name="testLogin" class="com.home.test.pages.LoginPageTest"/>
      </group> <!-- login -->
    </groups>
    <test name="tests on Internet Explorer" duration-ms="89841" started-at="2014-07-05T09:56:24Z" finished-at="2014-07-05T09:57:54Z">
      <class name="com.home.test.pages.HomePageTest">
        <test-method status="PASS" signature="getWebDriver(java.lang.String)[pri:0, instance:com.home.test.pages.HomePageTest@7e7d611f]" name="getWebDriver" is-config="true" duration-ms="11011" started-at="2014-07-05T12:56:13Z" finished-at="2014-07-05T12:56:24Z">
          <params>
            <param index="0">
              <value>
                <![CDATA[chrome]]>
              </value>
            </param>
          </params>
          <reporter-output>
          </reporter-output>
        </test-method> <!-- getWebDriver -->
        <test-method status="PASS" signature="OpenPage()[pri:0, instance:com.home.test.pages.HomePageTest@7e7d611f]" name="OpenPage" is-config="true" duration-ms="7845" started-at="2014-07-05T12:56:24Z" finished-at="2014-07-05T12:56:32Z">
          <reporter-output>
            <line>
              <![CDATA[<b>Navigated to the url:</b>&nbsphttp://www.ebay.com/<p>]]>
            </line>
          </reporter-output>
        </test-method> <!-- OpenPage -->
        <test-method status="PASS" signature="testDeals()[pri:0, instance:com.home.test.pages.HomePageTest@7e7d611f]" name="testDeals" duration-ms="24305" started-at="2014-07-05T12:56:32Z" finished-at="2014-07-05T12:56:56Z">
          <reporter-output>
            <line>
              <![CDATA[<p><b>WebDriver Exception throwed:</b>&nbspno such element
  (Session info: chrome=35.0.1916.153)
  (Driver info: chromedriver=2.9.248315,platform=Windows NT 6.1 SP1 x86_64) (WARNING: The server did not provide any stacktrace information)
Command duration or timeout: 10.04 seconds
For documentation on this error, please visit: http://seleniumhq.org/exceptions/no_such_element.html
Build info: version: '2.42.2', revision: '6a6995d', time: '2014-06-03 17:42:03'
System info: host: 'WIN-6TNKA2CT5MN', ip: '93.77.153.89', os.name: 'Windows 7', os.arch: 'amd64', os.version: '6.1', java.version: '1.7.0_51'
Session ID: 90890aae7691ff640e4ab3f4a3399316
Driver info: org.openqa.selenium.chrome.ChromeDriver
Capabilities [{platform=XP, acceptSslCerts=true, javascriptEnabled=true, browserName=chrome, chrome={userDataDir=C:\Users\mahas\AppData\Local\Temp\scoped_dir7236_13097}, rotatable=false, locationContextEnabled=true, version=35.0.1916.153, takesHeapSnapshot=true, cssSelectorsEnabled=true, databaseEnabled=false, handlesAlerts=true, browserConnectionEnabled=false, nativeEvents=true, webStorageEnabled=true, applicationCacheEnabled=false, takesScreenshot=true}]<p>]]>
            </line>
            <line>
              <![CDATA[<b>Was cliked on webelement with locator:</b>&nbspid("gh-ug")/a[1]; Element html tag: a<p>Sign in<p>]]>
            </line>
            <line>
              <![CDATA[<b>After clickON</b><p>]]>
            </line>
            <line>
              <![CDATA[<b>Change was performed on element with locator:</b>&nbspid("userid"); Element html tag: input<p><p>]]>
            </line>
            <line>
              <![CDATA[<b>Change was performed on element with locator:</b>&nbspid("userid"); Element html tag: input<p><p>]]>
            </line>
            <line>
              <![CDATA[<b>Change was performed on element with locator:</b>&nbspid("pass"); Element html tag: input<p><p>]]>
            </line>
            <line>
              <![CDATA[<b>Change was performed on element with locator:</b>&nbspid("pass"); Element html tag: input<p><p>]]>
            </line>
            <line>
              <![CDATA[<b>Was cliked on webelement with locator:</b>&nbspid("sgnbt"); Element html tag: input<p><p>]]>
            </line>
            <line>
              <![CDATA[<b>After clickON</b><p>]]>
            </line>
          </reporter-output>
        </test-method> <!-- testDeals -->
        <test-method status="PASS" signature="testNotifications()[pri:0, instance:com.home.test.pages.HomePageTest@7e7d611f]" name="testNotifications" duration-ms="14372" started-at="2014-07-05T12:56:56Z" finished-at="2014-07-05T12:57:11Z">
          <reporter-output>
            <line>
              <![CDATA[<p><b>WebDriver Exception throwed:</b>&nbspno such element
  (Session info: chrome=35.0.1916.153)
  (Driver info: chromedriver=2.9.248315,platform=Windows NT 6.1 SP1 x86_64) (WARNING: The server did not provide any stacktrace information)
Command duration or timeout: 10.01 seconds
For documentation on this error, please visit: http://seleniumhq.org/exceptions/no_such_element.html
Build info: version: '2.42.2', revision: '6a6995d', time: '2014-06-03 17:42:03'
System info: host: 'WIN-6TNKA2CT5MN', ip: '93.77.153.89', os.name: 'Windows 7', os.arch: 'amd64', os.version: '6.1', java.version: '1.7.0_51'
Session ID: 90890aae7691ff640e4ab3f4a3399316
Driver info: org.openqa.selenium.chrome.ChromeDriver
Capabilities [{platform=XP, acceptSslCerts=true, javascriptEnabled=true, browserName=chrome, chrome={userDataDir=C:\Users\mahas\AppData\Local\Temp\scoped_dir7236_13097}, rotatable=false, locationContextEnabled=true, version=35.0.1916.153, takesHeapSnapshot=true, cssSelectorsEnabled=true, databaseEnabled=false, handlesAlerts=true, browserConnectionEnabled=false, nativeEvents=true, webStorageEnabled=true, applicationCacheEnabled=false, takesScreenshot=true}]<p>]]>
            </line>
          </reporter-output>
        </test-method> <!-- testNotifications -->
        <test-method status="PASS" signature="OpenPage()[pri:0, instance:com.home.test.pages.HomePageTest@7e7d611f]" name="OpenPage" is-config="true" duration-ms="0" started-at="2014-07-05T12:56:56Z" finished-at="2014-07-05T12:56:56Z">
          <reporter-output>
          </reporter-output>
        </test-method> <!-- OpenPage -->
        <test-method status="PASS" signature="ShutDown()[pri:0, instance:com.home.test.pages.HomePageTest@7e7d611f]" name="ShutDown" is-config="true" duration-ms="2090" started-at="2014-07-05T12:57:54Z" finished-at="2014-07-05T12:57:57Z">
          <reporter-output>
          </reporter-output>
        </test-method> <!-- ShutDown -->
      </class> <!-- com.home.test.pages.HomePageTest -->
      <class name="com.home.test.pages.SearchPageTest">
        <test-method status="PASS" signature="OpenPage()[pri:0, instance:com.home.test.pages.SearchPageTest@43262d8c]" name="OpenPage" is-config="true" duration-ms="2694" started-at="2014-07-05T12:57:31Z" finished-at="2014-07-05T12:57:33Z">
          <reporter-output>
            <line>
              <![CDATA[<b>Navigated to the url:</b>&nbsphttp://www.ebay.com/<p>]]>
            </line>
          </reporter-output>
        </test-method> <!-- OpenPage -->
        <test-method status="PASS" signature="testSearch()[pri:0, instance:com.home.test.pages.SearchPageTest@43262d8c]" name="testSearch" duration-ms="20671" started-at="2014-07-05T12:57:33Z" finished-at="2014-07-05T12:57:54Z">
          <reporter-output>
            <line>
              <![CDATA[<p><b>WebDriver Exception throwed:</b>&nbspno such element
  (Session info: chrome=35.0.1916.153)
  (Driver info: chromedriver=2.9.248315,platform=Windows NT 6.1 SP1 x86_64) (WARNING: The server did not provide any stacktrace information)
Command duration or timeout: 10.03 seconds
For documentation on this error, please visit: http://seleniumhq.org/exceptions/no_such_element.html
Build info: version: '2.42.2', revision: '6a6995d', time: '2014-06-03 17:42:03'
System info: host: 'WIN-6TNKA2CT5MN', ip: '93.77.153.89', os.name: 'Windows 7', os.arch: 'amd64', os.version: '6.1', java.version: '1.7.0_51'
Session ID: 90890aae7691ff640e4ab3f4a3399316
Driver info: org.openqa.selenium.chrome.ChromeDriver
Capabilities [{platform=XP, acceptSslCerts=true, javascriptEnabled=true, browserName=chrome, chrome={userDataDir=C:\Users\mahas\AppData\Local\Temp\scoped_dir7236_13097}, rotatable=false, locationContextEnabled=true, version=35.0.1916.153, takesHeapSnapshot=true, cssSelectorsEnabled=true, databaseEnabled=false, handlesAlerts=true, browserConnectionEnabled=false, nativeEvents=true, webStorageEnabled=true, applicationCacheEnabled=false, takesScreenshot=true}]<p>]]>
            </line>
            <line>
              <![CDATA[<b>Was cliked on webelement with locator:</b>&nbspid("gh-ug")/a[1]; Element html tag: a<p>Sign in<p>]]>
            </line>
            <line>
              <![CDATA[<b>After clickON</b><p>]]>
            </line>
            <line>
              <![CDATA[<b>Change was performed on element with locator:</b>&nbspid("userid"); Element html tag: input<p><p>]]>
            </line>
            <line>
              <![CDATA[<b>Change was performed on element with locator:</b>&nbspid("userid"); Element html tag: input<p><p>]]>
            </line>
            <line>
              <![CDATA[<b>Change was performed on element with locator:</b>&nbspid("pass"); Element html tag: input<p><p>]]>
            </line>
            <line>
              <![CDATA[<b>Change was performed on element with locator:</b>&nbspid("pass"); Element html tag: input<p><p>]]>
            </line>
            <line>
              <![CDATA[<b>Was cliked on webelement with locator:</b>&nbspid("sgnbt"); Element html tag: input<p><p>]]>
            </line>
            <line>
              <![CDATA[<b>After clickON</b><p>]]>
            </line>
            <line>
              <![CDATA[<b>Change was performed on element with locator:</b>&nbspid("gh-ac"); Element html tag: input<p><p>]]>
            </line>
            <line>
              <![CDATA[<b>Was cliked on webelement with locator:</b>&nbspid("gh-btn"); Element html tag: input<p><p>]]>
            </line>
            <line>
              <![CDATA[<b>After clickON</b><p>]]>
            </line>
            <line>
              <![CDATA[<b>Was cliked on webelement with locator:</b>&nbspid("gh-ug"); Element html tag: a<p>Hi, Max!<p>]]>
            </line>
            <line>
              <![CDATA[<b>After clickON</b><p>]]>
            </line>
            <line>
              <![CDATA[<b>Was cliked on webelement with locator:</b>&nbspid("gh-uo")/a[1]; Element html tag: a<p>Sign out<p>]]>
            </line>
            <line>
              <![CDATA[<b>After clickON</b><p>]]>
            </line>
          </reporter-output>
        </test-method> <!-- testSearch -->
      </class> <!-- com.home.test.pages.SearchPageTest -->
      <class name="com.home.test.pages.LoginPageTest">
        <test-method status="PASS" signature="OpenPage()[pri:0, instance:com.home.test.pages.LoginPageTest@6f84922c]" name="OpenPage" is-config="true" duration-ms="3737" started-at="2014-07-05T12:57:11Z" finished-at="2014-07-05T12:57:15Z">
          <reporter-output>
            <line>
              <![CDATA[<b>Navigated to the url:</b>&nbsphttp://www.ebay.com/<p>]]>
            </line>
          </reporter-output>
        </test-method> <!-- OpenPage -->
        <test-method status="PASS" signature="testLogin()[pri:0, instance:com.home.test.pages.LoginPageTest@6f84922c]" name="testLogin" duration-ms="10055" started-at="2014-07-05T12:57:15Z" finished-at="2014-07-05T12:57:25Z">
          <reporter-output>
            <line>
              <![CDATA[<p><b>WebDriver Exception throwed:</b>&nbspno such element
  (Session info: chrome=35.0.1916.153)
  (Driver info: chromedriver=2.9.248315,platform=Windows NT 6.1 SP1 x86_64) (WARNING: The server did not provide any stacktrace information)
Command duration or timeout: 10.05 seconds
For documentation on this error, please visit: http://seleniumhq.org/exceptions/no_such_element.html
Build info: version: '2.42.2', revision: '6a6995d', time: '2014-06-03 17:42:03'
System info: host: 'WIN-6TNKA2CT5MN', ip: '93.77.153.89', os.name: 'Windows 7', os.arch: 'amd64', os.version: '6.1', java.version: '1.7.0_51'
Session ID: 90890aae7691ff640e4ab3f4a3399316
Driver info: org.openqa.selenium.chrome.ChromeDriver
Capabilities [{platform=XP, acceptSslCerts=true, javascriptEnabled=true, browserName=chrome, chrome={userDataDir=C:\Users\mahas\AppData\Local\Temp\scoped_dir7236_13097}, rotatable=false, locationContextEnabled=true, version=35.0.1916.153, takesHeapSnapshot=true, cssSelectorsEnabled=true, databaseEnabled=false, handlesAlerts=true, browserConnectionEnabled=false, nativeEvents=true, webStorageEnabled=true, applicationCacheEnabled=false, takesScreenshot=true}]<p>]]>
            </line>
          </reporter-output>
        </test-method> <!-- testLogin -->
        <test-method status="PASS" signature="OpenPage()[pri:0, instance:com.home.test.pages.LoginPageTest@6f84922c]" name="OpenPage" is-config="true" duration-ms="1" started-at="2014-07-05T12:57:25Z" finished-at="2014-07-05T12:57:25Z">
          <reporter-output>
          </reporter-output>
        </test-method> <!-- OpenPage -->
        <test-method status="PASS" signature="LogOut()[pri:0, instance:com.home.test.pages.LoginPageTest@6f84922c]" name="LogOut" duration-ms="6145" started-at="2014-07-05T12:57:25Z" finished-at="2014-07-05T12:57:31Z">
          <reporter-output>
            <line>
              <![CDATA[<b>Was cliked on webelement with locator:</b>&nbspid("gh-ug"); Element html tag: a<p>Hi, Max!<p>]]>
            </line>
            <line>
              <![CDATA[<b>After clickON</b><p>]]>
            </line>
            <line>
              <![CDATA[<b>Was cliked on webelement with locator:</b>&nbspid("gh-uo")/a[1]; Element html tag: a<p>Sign out<p>]]>
            </line>
            <line>
              <![CDATA[<b>After clickON</b><p>]]>
            </line>
          </reporter-output>
        </test-method> <!-- LogOut -->
      </class> <!-- com.home.test.pages.LoginPageTest -->
    </test> <!-- tests on Internet Explorer -->
  </suite> <!-- Testing on Internet Explorer -->
  <suite name="Testing on Chrome" duration-ms="84" started-at="2014-07-05T09:57:57Z" finished-at="2014-07-05T09:57:57Z">
    <groups>
      <group name="home">
        <method signature="HomePageTest.testDeals()[pri:0, instance:com.home.test.pages.HomePageTest@7a9f8247]" name="testDeals" class="com.home.test.pages.HomePageTest"/>
        <method signature="HomePageTest.testNotifications()[pri:0, instance:com.home.test.pages.HomePageTest@7a9f8247]" name="testNotifications" class="com.home.test.pages.HomePageTest"/>
      </group> <!-- home -->
      <group name="ebayAll">
        <method signature="HomePageTest.testDeals()[pri:0, instance:com.home.test.pages.HomePageTest@7a9f8247]" name="testDeals" class="com.home.test.pages.HomePageTest"/>
        <method signature="HomePageTest.testNotifications()[pri:0, instance:com.home.test.pages.HomePageTest@7a9f8247]" name="testNotifications" class="com.home.test.pages.HomePageTest"/>
        <method signature="LoginPageTest.LogOut()[pri:0, instance:com.home.test.pages.LoginPageTest@7b28e644]" name="LogOut" class="com.home.test.pages.LoginPageTest"/>
        <method signature="LoginPageTest.testLogin()[pri:0, instance:com.home.test.pages.LoginPageTest@7b28e644]" name="testLogin" class="com.home.test.pages.LoginPageTest"/>
        <method signature="SearchPageTest.testSearch()[pri:0, instance:com.home.test.pages.SearchPageTest@7e224235]" name="testSearch" class="com.home.test.pages.SearchPageTest"/>
      </group> <!-- ebayAll -->
      <group name="search">
        <method signature="SearchPageTest.testSearch()[pri:0, instance:com.home.test.pages.SearchPageTest@7e224235]" name="testSearch" class="com.home.test.pages.SearchPageTest"/>
      </group> <!-- search -->
      <group name="login">
        <method signature="LoginPageTest.LogOut()[pri:0, instance:com.home.test.pages.LoginPageTest@7b28e644]" name="LogOut" class="com.home.test.pages.LoginPageTest"/>
        <method signature="LoginPageTest.testLogin()[pri:0, instance:com.home.test.pages.LoginPageTest@7b28e644]" name="testLogin" class="com.home.test.pages.LoginPageTest"/>
      </group> <!-- login -->
    </groups>
    <test name="tests on Google Chrome" duration-ms="84" started-at="2014-07-05T09:57:57Z" finished-at="2014-07-05T09:57:57Z">
      <class name="com.home.test.pages.HomePageTest">
        <test-method status="PASS" signature="getWebDriver(java.lang.String)[pri:0, instance:com.home.test.pages.HomePageTest@7a9f8247]" name="getWebDriver" is-config="true" duration-ms="0" started-at="2014-07-05T12:57:57Z" finished-at="2014-07-05T12:57:57Z">
          <params>
            <param index="0">
              <value>
                <![CDATA[chrome]]>
              </value>
            </param>
          </params>
          <reporter-output>
          </reporter-output>
        </test-method> <!-- getWebDriver -->
        <test-method status="FAIL" signature="OpenPage()[pri:0, instance:com.home.test.pages.HomePageTest@7a9f8247]" name="OpenPage" is-config="true" duration-ms="0" started-at="2014-07-05T12:57:57Z" finished-at="2014-07-05T12:57:57Z">
          <exception class="org.openqa.selenium.remote.SessionNotFoundException">
            <message>
              <![CDATA[Session ID is null. Using WebDriver after calling quit()?
Build info: version: '2.42.2', revision: '6a6995d', time: '2014-06-03 17:42:03'
System info: host: 'WIN-6TNKA2CT5MN', ip: '93.77.153.89', os.name: 'Windows 7', os.arch: 'amd64', os.version: '6.1', java.version: '1.7.0_51'
Driver info: driver.version: EventFiringWebDriver]]>
            </message>
            <full-stacktrace>
              <![CDATA[org.openqa.selenium.remote.SessionNotFoundException: Session ID is null. Using WebDriver after calling quit()?
Build info: version: '2.42.2', revision: '6a6995d', time: '2014-06-03 17:42:03'
System info: host: 'WIN-6TNKA2CT5MN', ip: '93.77.153.89', os.name: 'Windows 7', os.arch: 'amd64', os.version: '6.1', java.version: '1.7.0_51'
Driver info: driver.version: EventFiringWebDriver
	at org.openqa.selenium.remote.HttpCommandExecutor.execute(HttpCommandExecutor.java:147)
	at org.openqa.selenium.remote.service.DriverCommandExecutor.execute(DriverCommandExecutor.java:66)
	at org.openqa.selenium.remote.RemoteWebDriver.execute(RemoteWebDriver.java:572)
	at org.openqa.selenium.remote.RemoteWebDriver.get(RemoteWebDriver.java:304)
	at sun.reflect.NativeMethodAccessorImpl.invoke0(Native Method)
	at sun.reflect.NativeMethodAccessorImpl.invoke(NativeMethodAccessorImpl.java:57)
	at sun.reflect.DelegatingMethodAccessorImpl.invoke(DelegatingMethodAccessorImpl.java:43)
	at java.lang.reflect.Method.invoke(Method.java:606)
	at org.openqa.selenium.support.events.EventFiringWebDriver$2.invoke(EventFiringWebDriver.java:101)
	at com.sun.proxy.$Proxy12.get(Unknown Source)
	at org.openqa.selenium.support.events.EventFiringWebDriver.get(EventFiringWebDriver.java:159)
	at com.home.pages.HomePage.open(HomePage.java:101)
	at com.home.test.basetest.BasicTestCase.OpenPage(BasicTestCase.java:41)
	at sun.reflect.NativeMethodAccessorImpl.invoke0(Native Method)
	at sun.reflect.NativeMethodAccessorImpl.invoke(NativeMethodAccessorImpl.java:57)
	at sun.reflect.DelegatingMethodAccessorImpl.invoke(DelegatingMethodAccessorImpl.java:43)
	at java.lang.reflect.Method.invoke(Method.java:606)
	at org.testng.internal.MethodInvocationHelper.invokeMethod(MethodInvocationHelper.java:84)
	at org.testng.internal.Invoker.invokeConfigurationMethod(Invoker.java:564)
	at org.testng.internal.Invoker.invokeConfigurations(Invoker.java:213)
	at org.testng.internal.Invoker.invokeMethod(Invoker.java:653)
	at org.testng.internal.Invoker.invokeTestMethod(Invoker.java:901)
	at org.testng.internal.Invoker.invokeTestMethods(Invoker.java:1231)
	at org.testng.internal.TestMethodWorker.invokeTestMethods(TestMethodWorker.java:127)
	at org.testng.internal.TestMethodWorker.run(TestMethodWorker.java:111)
	at org.testng.TestRunner.privateRun(TestRunner.java:767)
	at org.testng.TestRunner.run(TestRunner.java:617)
	at org.testng.SuiteRunner.runTest(SuiteRunner.java:334)
	at org.testng.SuiteRunner.runSequentially(SuiteRunner.java:329)
	at org.testng.SuiteRunner.privateRun(SuiteRunner.java:291)
	at org.testng.SuiteRunner.run(SuiteRunner.java:240)
	at org.testng.SuiteRunnerWorker.runSuite(SuiteRunnerWorker.java:52)
	at org.testng.SuiteRunnerWorker.run(SuiteRunnerWorker.java:86)
	at org.testng.TestNG.runSuitesSequentially(TestNG.java:1224)
	at org.testng.TestNG.runSuitesSequentially(TestNG.java:1220)
	at org.testng.TestNG.runSuitesLocally(TestNG.java:1149)
	at org.testng.TestNG.run(TestNG.java:1057)
	at org.testng.remote.RemoteTestNG.run(RemoteTestNG.java:111)
	at org.testng.remote.RemoteTestNG.initAndRun(RemoteTestNG.java:204)
	at org.testng.remote.RemoteTestNG.main(RemoteTestNG.java:175)
]]>
            </full-stacktrace>
          </exception> <!-- org.openqa.selenium.remote.SessionNotFoundException -->
          <reporter-output>
            <line>
              <![CDATA[<p><b>WebDriver Exception throwed:</b>&nbspSession ID is null. Using WebDriver after calling quit()?
Build info: version: '2.42.2', revision: '6a6995d', time: '2014-06-03 17:42:03'
System info: host: 'WIN-6TNKA2CT5MN', ip: '93.77.153.89', os.name: 'Windows 7', os.arch: 'amd64', os.version: '6.1', java.version: '1.7.0_51'
Driver info: driver.version: EventFiringWebDriver<p>]]>
            </line>
          </reporter-output>
        </test-method> <!-- OpenPage -->
        <test-method status="SKIP" signature="testDeals()[pri:0, instance:com.home.test.pages.HomePageTest@7a9f8247]" name="testDeals" duration-ms="0" started-at="2014-07-05T12:57:57Z" finished-at="2014-07-05T12:57:57Z">
          <reporter-output>
          </reporter-output>
        </test-method> <!-- testDeals -->
        <test-method status="SKIP" signature="OpenPage()[pri:0, instance:com.home.test.pages.HomePageTest@7a9f8247]" name="OpenPage" is-config="true" duration-ms="0" started-at="2014-07-05T12:57:57Z" finished-at="2014-07-05T12:57:57Z">
          <reporter-output>
          </reporter-output>
        </test-method> <!-- OpenPage -->
        <test-method status="SKIP" signature="testNotifications()[pri:0, instance:com.home.test.pages.HomePageTest@7a9f8247]" name="testNotifications" duration-ms="1" started-at="2014-07-05T12:57:57Z" finished-at="2014-07-05T12:57:57Z">
          <reporter-output>
          </reporter-output>
        </test-method> <!-- testNotifications -->
        <test-method status="PASS" signature="ShutDown()[pri:0, instance:com.home.test.pages.HomePageTest@7a9f8247]" name="ShutDown" is-config="true" duration-ms="1" started-at="2014-07-05T12:57:57Z" finished-at="2014-07-05T12:57:57Z">
          <reporter-output>
          </reporter-output>
        </test-method> <!-- ShutDown -->
      </class> <!-- com.home.test.pages.HomePageTest -->
      <class name="com.home.test.pages.SearchPageTest">
        <test-method status="SKIP" signature="OpenPage()[pri:0, instance:com.home.test.pages.SearchPageTest@7e224235]" name="OpenPage" is-config="true" duration-ms="0" started-at="2014-07-05T12:57:57Z" finished-at="2014-07-05T12:57:57Z">
          <reporter-output>
          </reporter-output>
        </test-method> <!-- OpenPage -->
        <test-method status="SKIP" signature="testSearch()[pri:0, instance:com.home.test.pages.SearchPageTest@7e224235]" name="testSearch" duration-ms="0" started-at="2014-07-05T12:57:57Z" finished-at="2014-07-05T12:57:57Z">
          <reporter-output>
          </reporter-output>
        </test-method> <!-- testSearch -->
      </class> <!-- com.home.test.pages.SearchPageTest -->
      <class name="com.home.test.pages.LoginPageTest">
        <test-method status="SKIP" signature="OpenPage()[pri:0, instance:com.home.test.pages.LoginPageTest@7b28e644]" name="OpenPage" is-config="true" duration-ms="0" started-at="2014-07-05T12:57:57Z" finished-at="2014-07-05T12:57:57Z">
          <reporter-output>
          </reporter-output>
        </test-method> <!-- OpenPage -->
        <test-method status="SKIP" signature="testLogin()[pri:0, instance:com.home.test.pages.LoginPageTest@7b28e644]" name="testLogin" duration-ms="0" started-at="2014-07-05T12:57:57Z" finished-at="2014-07-05T12:57:57Z">
          <reporter-output>
          </reporter-output>
        </test-method> <!-- testLogin -->
        <test-method status="SKIP" signature="OpenPage()[pri:0, instance:com.home.test.pages.LoginPageTest@7b28e644]" name="OpenPage" is-config="true" duration-ms="0" started-at="2014-07-05T12:57:57Z" finished-at="2014-07-05T12:57:57Z">
          <reporter-output>
          </reporter-output>
        </test-method> <!-- OpenPage -->
        <test-method status="SKIP" signature="LogOut()[pri:0, instance:com.home.test.pages.LoginPageTest@7b28e644]" name="LogOut" duration-ms="1" started-at="2014-07-05T12:57:57Z" finished-at="2014-07-05T12:57:57Z">
          <reporter-output>
          </reporter-output>
        </test-method> <!-- LogOut -->
      </class> <!-- com.home.test.pages.LoginPageTest -->
    </test> <!-- tests on Google Chrome -->
  </suite> <!-- Testing on Chrome -->
  <suite name="Web Browsers" duration-ms="0" started-at="2014-07-05T09:57:57Z" finished-at="2014-07-05T09:57:57Z">
    <groups>
    </groups>
  </suite> <!-- Web Browsers -->
</testng-results>
